#
# There is insufficient memory for the Java Runtime Environment to continue.
# Native memory allocation (malloc) failed to allocate 107776 bytes for Chunk::new
# Possible reasons:
#   The system is out of physical RAM or swap space
#   The process is running with CompressedOops enabled, and the Java Heap may be blocking the growth of the native heap
# Possible solutions:
#   Reduce memory load on the system
#   Increase physical memory or swap space
#   Check if swap backing store is full
#   Decrease Java heap size (-Xmx/-Xms)
#   Decrease number of Java threads
#   Decrease Java thread stack sizes (-Xss)
#   Set larger code cache with -XX:ReservedCodeCacheSize=
#   JVM is running with Unscaled Compressed Oops mode in which the Java heap is
#     placed in the first 4GB address space. The Java Heap base address is the
#     maximum limit for the native heap growth. Please use -XX:HeapBaseMinAddress
#     to set the Java Heap base and to place the Java Heap above 4GB virtual address.
# This output file may be truncated or incomplete.
#
#  Out of Memory Error (arena.cpp:184), pid=27100, tid=3420
#
# JRE version: Java(TM) SE Runtime Environment (18.0.2.1+1) (build 18.0.2.1+1-1)
# Java VM: Java HotSpot(TM) 64-Bit Server VM (18.0.2.1+1-1, mixed mode, sharing, tiered, compressed oops, compressed class ptrs, g1 gc, windows-amd64)
# No core dump will be written. Minidumps are not enabled by default on client versions of Windows
#

---------------  S U M M A R Y ------------

Command Line: -XX:+ShowCodeDetailsInExceptionMessages -agentlib:jdwp=transport=dt_socket,suspend=y,address=localhost:63640 -Dfile.encoding=UTF-8 cucumber.api.cli.Main D:/Automationlearning/AutomationFramework/src/test/java/features/loginWithWrapper.feature --glue classpath: --plugin pretty --monochrome

Host: Intel(R) Pentium(R) CPU  A1020  @ 2.41GHz, 4 cores, 3G,  Windows 10 , 64 bit Build 19041 (10.0.19041.2251)
Time: Fri Nov 25 21:15:20 2022 India Standard Time elapsed time: 64.663527 seconds (0d 0h 1m 4s)

---------------  T H R E A D  ---------------

Current thread (0x000001edb1d5ac20):  JavaThread "C2 CompilerThread0" daemon [_thread_in_native, id=3420, stack(0x0000009facf00000,0x0000009fad000000)]


Current CompileTask:
C2:  64663  154   !   4       java.util.zip.ZipFile$Source::checkAndAddEntry (209 bytes)

Stack: [0x0000009facf00000,0x0000009fad000000]
Native frames: (J=compiled Java code, j=interpreted, Vv=VM code, C=native code)
V  [jvm.dll+0x6993aa]
V  [jvm.dll+0x7f46dd]
V  [jvm.dll+0x7f5fee]
V  [jvm.dll+0x7f66a3]
V  [jvm.dll+0x25cf1f]
V  [jvm.dll+0xb8c2f]
V  [jvm.dll+0xb8fa5]
V  [jvm.dll+0x2c7e2f]
V  [jvm.dll+0x5a0d8e]
V  [jvm.dll+0x2388de]
V  [jvm.dll+0x231ea5]
V  [jvm.dll+0x22f3cb]
V  [jvm.dll+0x1ba01c]
V  [jvm.dll+0x23ee0a]
V  [jvm.dll+0x23d0f5]
V  [jvm.dll+0x7a6dd1]
V  [jvm.dll+0x7a120a]
V  [jvm.dll+0x698255]
C  [ucrtbase.dll+0x21bb2]
C  [KERNEL32.DLL+0x174b4]
C  [ntdll.dll+0x526a1]


---------------  P R O C E S S  ---------------

Threads class SMR info:
_java_thread_list=0x000001edd14667f0, length=15, elements={
0x000001edafb4dfb0, 0x000001edb1d3ae00, 0x000001edb1d3c340, 0x000001edb1d58270,
0x000001edb1d58c10, 0x000001edb1d595b0, 0x000001edb1d59f50, 0x000001edb1d5ac20,
0x000001edccfa6530, 0x000001edccfac2f0, 0x000001edd146bd70, 0x000001edd1476070,
0x000001edd147aa80, 0x000001edafa5e510, 0x000001edd147e6e0
}

Java Threads: ( => current thread )
  0x000001edafb4dfb0 JavaThread "main" [_thread_in_native, id=8540, stack(0x0000009fac200000,0x0000009fac300000)]
  0x000001edb1d3ae00 JavaThread "Reference Handler" daemon [_thread_blocked, id=9324, stack(0x0000009fac900000,0x0000009faca00000)]
  0x000001edb1d3c340 JavaThread "Finalizer" daemon [_thread_blocked, id=6692, stack(0x0000009faca00000,0x0000009facb00000)]
  0x000001edb1d58270 JavaThread "Signal Dispatcher" daemon [_thread_blocked, id=7968, stack(0x0000009facb00000,0x0000009facc00000)]
  0x000001edb1d58c10 JavaThread "Attach Listener" daemon [_thread_blocked, id=11336, stack(0x0000009facc00000,0x0000009facd00000)]
  0x000001edb1d595b0 JavaThread "Service Thread" daemon [_thread_blocked, id=11456, stack(0x0000009facd00000,0x0000009face00000)]
  0x000001edb1d59f50 JavaThread "Monitor Deflation Thread" daemon [_thread_blocked, id=18232, stack(0x0000009face00000,0x0000009facf00000)]
=>0x000001edb1d5ac20 JavaThread "C2 CompilerThread0" daemon [_thread_in_native, id=3420, stack(0x0000009facf00000,0x0000009fad000000)]
  0x000001edccfa6530 JavaThread "C1 CompilerThread0" daemon [_thread_blocked, id=17660, stack(0x0000009fad000000,0x0000009fad100000)]
  0x000001edccfac2f0 JavaThread "Sweeper thread" daemon [_thread_blocked, id=9896, stack(0x0000009fad100000,0x0000009fad200000)]
  0x000001edd146bd70 JavaThread "JDWP Transport Listener: dt_socket" daemon [_thread_blocked, id=12320, stack(0x0000009fad400000,0x0000009fad500000)]
  0x000001edd1476070 JavaThread "JDWP Event Helper Thread" daemon [_thread_blocked, id=25680, stack(0x0000009fad500000,0x0000009fad600000)]
  0x000001edd147aa80 JavaThread "JDWP Command Reader" daemon [_thread_in_native, id=8692, stack(0x0000009fad600000,0x0000009fad700000)]
  0x000001edafa5e510 JavaThread "Notification Thread" daemon [_thread_blocked, id=6764, stack(0x0000009fabf00000,0x0000009fac000000)]
  0x000001edd147e6e0 JavaThread "Common-Cleaner" daemon [_thread_blocked, id=21180, stack(0x0000009fac100000,0x0000009fac200000)]

Other Threads:
  0x000001edb1d37660 VMThread "VM Thread" [stack: 0x0000009fac800000,0x0000009fac900000] [id=25868]
  0x000001edafa5ea50 WatcherThread "VM Periodic Task Thread" [stack: 0x0000009fac000000,0x0000009fac100000] [id=7268]
  0x000001edb1ce44e0 WorkerThread "GC Thread#0" [stack: 0x0000009fac300000,0x0000009fac400000] [id=22404]
  0x000001edb1ced090 ConcurrentGCThread "G1 Main Marker" [stack: 0x0000009fac400000,0x0000009fac500000] [id=19972]
  0x000001edb1ceea90 WorkerThread "G1 Conc#0" [stack: 0x0000009fac500000,0x0000009fac600000] [id=15532]
  0x000001edb1d16bb0 ConcurrentGCThread "G1 Refine#0" [stack: 0x0000009fac600000,0x0000009fac700000] [id=12708]
  0x000001edb1d174c0 ConcurrentGCThread "G1 Service" [stack: 0x0000009fac700000,0x0000009fac800000] [id=24460]

Threads with active compile tasks:
C2 CompilerThread0    64757  154   !   4       java.util.zip.ZipFile$Source::checkAndAddEntry (209 bytes)

VM state: not at safepoint (normal execution)

VM Mutex/Monitor currently owned by a thread: None

Heap address: 0x00000000c1c00000, size: 996 MB, Compressed Oops mode: 32-bit

CDS archive(s) mapped at: [0x0000000800000000-0x0000000800ba0000-0x0000000800ba0000), size 12189696, SharedBaseAddress: 0x0000000800000000, ArchiveRelocationMode: 0.
Compressed class space mapped at: 0x0000000800c00000-0x0000000840c00000, reserved size: 1073741824
Narrow klass base: 0x0000000800000000, Narrow klass shift: 0, Narrow klass range: 0x100000000

GC Precious Log:
 CardTable entry size: 512
 Card Set container configuration: InlinePtr #cards 5 size 8 Array Of Cards #cards 12 size 40 Howl #buckets 4 coarsen threshold 1843 Howl Bitmap #cards 512 size 80 coarsen threshold 460 Card regions per heap region 1 cards per card region 2048
 CPUs: 4 total, 4 available
 Memory: 3982M
 Large Page Support: Disabled
 NUMA Support: Disabled
 Compressed Oops: Enabled (32-bit)
 Heap Region Size: 1M
 Heap Min Capacity: 8M
 Heap Initial Capacity: 64M
 Heap Max Capacity: 996M
 Pre-touch: Disabled
 Parallel Workers: 4
 Concurrent Workers: 1
 Concurrent Refinement Workers: 4
 Periodic GC: Disabled

Heap:
 garbage-first heap   total 65536K, used 8192K [0x00000000c1c00000, 0x0000000100000000)
  region size 1024K, 9 young (9216K), 0 survivors (0K)
 Metaspace       used 474K, committed 640K, reserved 1114112K
  class space    used 16K, committed 128K, reserved 1048576K

Heap Regions: E=young(eden), S=young(survivor), O=old, HS=humongous(starts), HC=humongous(continues), CS=collection set, F=free, OA=open archive, CA=closed archive, TAMS=top-at-mark-start (previous, next)
|   0|0x00000000c1c00000, 0x00000000c1d00000, 0x00000000c1d00000|100%|HS|  |TAMS 0x00000000c1c00000, 0x00000000c1c00000| Complete 
|   1|0x00000000c1d00000, 0x00000000c1d00000, 0x00000000c1e00000|  0%| F|  |TAMS 0x00000000c1d00000, 0x00000000c1d00000| Untracked 
|   2|0x00000000c1e00000, 0x00000000c1e00000, 0x00000000c1f00000|  0%| F|  |TAMS 0x00000000c1e00000, 0x00000000c1e00000| Untracked 
|   3|0x00000000c1f00000, 0x00000000c1f00000, 0x00000000c2000000|  0%| F|  |TAMS 0x00000000c1f00000, 0x00000000c1f00000| Untracked 
|   4|0x00000000c2000000, 0x00000000c2000000, 0x00000000c2100000|  0%| F|  |TAMS 0x00000000c2000000, 0x00000000c2000000| Untracked 
|   5|0x00000000c2100000, 0x00000000c2100000, 0x00000000c2200000|  0%| F|  |TAMS 0x00000000c2100000, 0x00000000c2100000| Untracked 
|   6|0x00000000c2200000, 0x00000000c2200000, 0x00000000c2300000|  0%| F|  |TAMS 0x00000000c2200000, 0x00000000c2200000| Untracked 
|   7|0x00000000c2300000, 0x00000000c2300000, 0x00000000c2400000|  0%| F|  |TAMS 0x00000000c2300000, 0x00000000c2300000| Untracked 
|   8|0x00000000c2400000, 0x00000000c2400000, 0x00000000c2500000|  0%| F|  |TAMS 0x00000000c2400000, 0x00000000c2400000| Untracked 
|   9|0x00000000c2500000, 0x00000000c2500000, 0x00000000c2600000|  0%| F|  |TAMS 0x00000000c2500000, 0x00000000c2500000| Untracked 
|  10|0x00000000c2600000, 0x00000000c2600000, 0x00000000c2700000|  0%| F|  |TAMS 0x00000000c2600000, 0x00000000c2600000| Untracked 
|  11|0x00000000c2700000, 0x00000000c2700000, 0x00000000c2800000|  0%| F|  |TAMS 0x00000000c2700000, 0x00000000c2700000| Untracked 
|  12|0x00000000c2800000, 0x00000000c2800000, 0x00000000c2900000|  0%| F|  |TAMS 0x00000000c2800000, 0x00000000c2800000| Untracked 
|  13|0x00000000c2900000, 0x00000000c2900000, 0x00000000c2a00000|  0%| F|  |TAMS 0x00000000c2900000, 0x00000000c2900000| Untracked 
|  14|0x00000000c2a00000, 0x00000000c2a00000, 0x00000000c2b00000|  0%| F|  |TAMS 0x00000000c2a00000, 0x00000000c2a00000| Untracked 
|  15|0x00000000c2b00000, 0x00000000c2b00000, 0x00000000c2c00000|  0%| F|  |TAMS 0x00000000c2b00000, 0x00000000c2b00000| Untracked 
|  16|0x00000000c2c00000, 0x00000000c2c00000, 0x00000000c2d00000|  0%| F|  |TAMS 0x00000000c2c00000, 0x00000000c2c00000| Untracked 
|  17|0x00000000c2d00000, 0x00000000c2d00000, 0x00000000c2e00000|  0%| F|  |TAMS 0x00000000c2d00000, 0x00000000c2d00000| Untracked 
|  18|0x00000000c2e00000, 0x00000000c2e00000, 0x00000000c2f00000|  0%| F|  |TAMS 0x00000000c2e00000, 0x00000000c2e00000| Untracked 
|  19|0x00000000c2f00000, 0x00000000c2f00000, 0x00000000c3000000|  0%| F|  |TAMS 0x00000000c2f00000, 0x00000000c2f00000| Untracked 
|  20|0x00000000c3000000, 0x00000000c3000000, 0x00000000c3100000|  0%| F|  |TAMS 0x00000000c3000000, 0x00000000c3000000| Untracked 
|  21|0x00000000c3100000, 0x00000000c3100000, 0x00000000c3200000|  0%| F|  |TAMS 0x00000000c3100000, 0x00000000c3100000| Untracked 
|  22|0x00000000c3200000, 0x00000000c3200000, 0x00000000c3300000|  0%| F|  |TAMS 0x00000000c3200000, 0x00000000c3200000| Untracked 
|  23|0x00000000c3300000, 0x00000000c3300000, 0x00000000c3400000|  0%| F|  |TAMS 0x00000000c3300000, 0x00000000c3300000| Untracked 
|  24|0x00000000c3400000, 0x00000000c3400000, 0x00000000c3500000|  0%| F|  |TAMS 0x00000000c3400000, 0x00000000c3400000| Untracked 
|  25|0x00000000c3500000, 0x00000000c3500000, 0x00000000c3600000|  0%| F|  |TAMS 0x00000000c3500000, 0x00000000c3500000| Untracked 
|  26|0x00000000c3600000, 0x00000000c3600000, 0x00000000c3700000|  0%| F|  |TAMS 0x00000000c3600000, 0x00000000c3600000| Untracked 
|  27|0x00000000c3700000, 0x00000000c3700000, 0x00000000c3800000|  0%| F|  |TAMS 0x00000000c3700000, 0x00000000c3700000| Untracked 
|  28|0x00000000c3800000, 0x00000000c3800000, 0x00000000c3900000|  0%| F|  |TAMS 0x00000000c3800000, 0x00000000c3800000| Untracked 
|  29|0x00000000c3900000, 0x00000000c3900000, 0x00000000c3a00000|  0%| F|  |TAMS 0x00000000c3900000, 0x00000000c3900000| Untracked 
|  30|0x00000000c3a00000, 0x00000000c3a00000, 0x00000000c3b00000|  0%| F|  |TAMS 0x00000000c3a00000, 0x00000000c3a00000| Untracked 
|  31|0x00000000c3b00000, 0x00000000c3b00000, 0x00000000c3c00000|  0%| F|  |TAMS 0x00000000c3b00000, 0x00000000c3b00000| Untracked 
|  32|0x00000000c3c00000, 0x00000000c3c00000, 0x00000000c3d00000|  0%| F|  |TAMS 0x00000000c3c00000, 0x00000000c3c00000| Untracked 
|  33|0x00000000c3d00000, 0x00000000c3d00000, 0x00000000c3e00000|  0%| F|  |TAMS 0x00000000c3d00000, 0x00000000c3d00000| Untracked 
|  34|0x00000000c3e00000, 0x00000000c3e00000, 0x00000000c3f00000|  0%| F|  |TAMS 0x00000000c3e00000, 0x00000000c3e00000| Untracked 
|  35|0x00000000c3f00000, 0x00000000c3f00000, 0x00000000c4000000|  0%| F|  |TAMS 0x00000000c3f00000, 0x00000000c3f00000| Untracked 
|  36|0x00000000c4000000, 0x00000000c4000000, 0x00000000c4100000|  0%| F|  |TAMS 0x00000000c4000000, 0x00000000c4000000| Untracked 
|  37|0x00000000c4100000, 0x00000000c4100000, 0x00000000c4200000|  0%| F|  |TAMS 0x00000000c4100000, 0x00000000c4100000| Untracked 
|  38|0x00000000c4200000, 0x00000000c4200000, 0x00000000c4300000|  0%| F|  |TAMS 0x00000000c4200000, 0x00000000c4200000| Untracked 
|  39|0x00000000c4300000, 0x00000000c4300000, 0x00000000c4400000|  0%| F|  |TAMS 0x00000000c4300000, 0x00000000c4300000| Untracked 
|  40|0x00000000c4400000, 0x00000000c4400000, 0x00000000c4500000|  0%| F|  |TAMS 0x00000000c4400000, 0x00000000c4400000| Untracked 
|  41|0x00000000c4500000, 0x00000000c4500000, 0x00000000c4600000|  0%| F|  |TAMS 0x00000000c4500000, 0x00000000c4500000| Untracked 
|  42|0x00000000c4600000, 0x00000000c4600000, 0x00000000c4700000|  0%| F|  |TAMS 0x00000000c4600000, 0x00000000c4600000| Untracked 
|  43|0x00000000c4700000, 0x00000000c4700000, 0x00000000c4800000|  0%| F|  |TAMS 0x00000000c4700000, 0x00000000c4700000| Untracked 
|  44|0x00000000c4800000, 0x00000000c4800000, 0x00000000c4900000|  0%| F|  |TAMS 0x00000000c4800000, 0x00000000c4800000| Untracked 
|  45|0x00000000c4900000, 0x00000000c4900000, 0x00000000c4a00000|  0%| F|  |TAMS 0x00000000c4900000, 0x00000000c4900000| Untracked 
|  46|0x00000000c4a00000, 0x00000000c4a00000, 0x00000000c4b00000|  0%| F|  |TAMS 0x00000000c4a00000, 0x00000000c4a00000| Untracked 
|  47|0x00000000c4b00000, 0x00000000c4b00000, 0x00000000c4c00000|  0%| F|  |TAMS 0x00000000c4b00000, 0x00000000c4b00000| Untracked 
|  48|0x00000000c4c00000, 0x00000000c4c00000, 0x00000000c4d00000|  0%| F|  |TAMS 0x00000000c4c00000, 0x00000000c4c00000| Untracked 
|  49|0x00000000c4d00000, 0x00000000c4d00000, 0x00000000c4e00000|  0%| F|  |TAMS 0x00000000c4d00000, 0x00000000c4d00000| Untracked 
|  50|0x00000000c4e00000, 0x00000000c4e00000, 0x00000000c4f00000|  0%| F|  |TAMS 0x00000000c4e00000, 0x00000000c4e00000| Untracked 
|  51|0x00000000c4f00000, 0x00000000c4f00000, 0x00000000c5000000|  0%| F|  |TAMS 0x00000000c4f00000, 0x00000000c4f00000| Untracked 
|  52|0x00000000c5000000, 0x00000000c5000000, 0x00000000c5100000|  0%| F|  |TAMS 0x00000000c5000000, 0x00000000c5000000| Untracked 
|  53|0x00000000c5100000, 0x00000000c5100000, 0x00000000c5200000|  0%| F|  |TAMS 0x00000000c5100000, 0x00000000c5100000| Untracked 
|  54|0x00000000c5200000, 0x00000000c5200000, 0x00000000c5300000|  0%| F|  |TAMS 0x00000000c5200000, 0x00000000c5200000| Untracked 
|  55|0x00000000c5300000, 0x00000000c5385e08, 0x00000000c5400000| 52%| E|  |TAMS 0x00000000c5300000, 0x00000000c5300000| Complete 
|  56|0x00000000c5400000, 0x00000000c5500000, 0x00000000c5500000|100%| E|CS|TAMS 0x00000000c5400000, 0x00000000c5400000| Complete 
|  57|0x00000000c5500000, 0x00000000c5600000, 0x00000000c5600000|100%| E|  |TAMS 0x00000000c5500000, 0x00000000c5500000| Complete 
|  58|0x00000000c5600000, 0x00000000c5700000, 0x00000000c5700000|100%| E|CS|TAMS 0x00000000c5600000, 0x00000000c5600000| Complete 
|  59|0x00000000c5700000, 0x00000000c5800000, 0x00000000c5800000|100%| E|CS|TAMS 0x00000000c5700000, 0x00000000c5700000| Complete 
|  60|0x00000000c5800000, 0x00000000c5900000, 0x00000000c5900000|100%| E|CS|TAMS 0x00000000c5800000, 0x00000000c5800000| Complete 
|  61|0x00000000c5900000, 0x00000000c5a00000, 0x00000000c5a00000|100%| E|CS|TAMS 0x00000000c5900000, 0x00000000c5900000| Complete 
|  62|0x00000000c5a00000, 0x00000000c5b00000, 0x00000000c5b00000|100%| E|CS|TAMS 0x00000000c5a00000, 0x00000000c5a00000| Complete 
|  63|0x00000000c5b00000, 0x00000000c5c00000, 0x00000000c5c00000|100%| E|CS|TAMS 0x00000000c5b00000, 0x00000000c5b00000| Complete 

Card table byte_map: [0x000001edc87d0000,0x000001edc89d0000] _byte_map_base: 0x000001edc81c2000

Marking Bits (Prev, Next): (CMBitMap*) 0x000001edb1ce4ae0, (CMBitMap*) 0x000001edb1ce4b20
 Prev Bits: [0x000001edc8bd0000, 0x000001edc9b60000)
 Next Bits: [0x000001edc9b60000, 0x000001edcaaf0000)

Polling page: 0x000001edafc80000

Metaspace:

Usage:
  Non-class:    463.69 KB used.
      Class:     16.04 KB used.
       Both:    479.73 KB used.

Virtual space:
  Non-class space:       64.00 MB reserved,     512.00 KB ( <1%) committed,  1 nodes.
      Class space:        1.00 GB reserved,     128.00 KB ( <1%) committed,  1 nodes.
             Both:        1.06 GB reserved,     640.00 KB ( <1%) committed. 

Chunk freelists:
   Non-Class:  3.98 MB
       Class:  3.74 MB
        Both:  7.72 MB

MaxMetaspaceSize: unlimited
CompressedClassSpaceSize: 1.00 GB
Initial GC threshold: 21.00 MB
Current GC threshold: 21.00 MB
CDS: on
MetaspaceReclaimPolicy: balanced
 - commit_granule_bytes: 65536.
 - commit_granule_words: 8192.
 - virtual_space_node_default_size: 8388608.
 - enlarge_chunks_in_place: 1.
 - new_chunks_are_fully_committed: 0.
 - uncommit_free_chunks: 1.
 - use_allocation_guard: 0.


Internal statistics:

num_allocs_failed_limit: 0.
num_arena_births: 10.
num_arena_deaths: 0.
num_vsnodes_births: 2.
num_vsnodes_deaths: 0.
num_space_committed: 10.
num_space_uncommitted: 0.
num_chunks_returned_to_freelist: 0.
num_chunks_taken_from_freelist: 13.
num_chunk_merges: 0.
num_chunk_splits: 8.
num_chunks_enlarged: 5.
num_inconsistent_stats: 0.

CodeHeap 'non-profiled nmethods': size=120000Kb used=72Kb max_used=72Kb free=119927Kb
 bounds [0x000001edc10a0000, 0x000001edc1310000, 0x000001edc85d0000]
CodeHeap 'profiled nmethods': size=120000Kb used=524Kb max_used=524Kb free=119475Kb
 bounds [0x000001edb9b70000, 0x000001edb9de0000, 0x000001edc10a0000]
CodeHeap 'non-nmethods': size=5760Kb used=1188Kb max_used=1188Kb free=4571Kb
 bounds [0x000001edb95d0000, 0x000001edb9840000, 0x000001edb9b70000]
 total_blobs=710 nmethods=319 adapters=305
 compilation: enabled
              stopped_count=0, restarted_count=0
 full_count=0

Compilation events (20 events):
Event: 63.741 Thread 0x000001edb1d5ac20  149       4       java.lang.StringLatin1::indexOfChar (33 bytes)
Event: 63.745 Thread 0x000001edccfa6530  151       3       java.util.HashMap::put (13 bytes)
Event: 63.746 Thread 0x000001edccfa6530 nmethod 151 0x000001edb9ba4410 code [0x000001edb9ba45c0, 0x000001edb9ba48b8]
Event: 63.747 Thread 0x000001edb1d5ac20 nmethod 149 0x000001edc10a6890 code [0x000001edc10a6a00, 0x000001edc10a6b78]
Event: 63.747 Thread 0x000001edb1d5ac20  150       4       java.util.zip.ZipFile$Source::zipCoderForPos (39 bytes)
Event: 63.749 Thread 0x000001edb1d5ac20 nmethod 150 0x000001edc10a6c90 code [0x000001edc10a6e00, 0x000001edc10a6eb8]
Event: 63.749 Thread 0x000001edb1d5ac20  152       4       java.util.zip.ZipFile$Source::isMetaName (141 bytes)
Event: 63.753 Thread 0x000001edb1d5ac20 nmethod 152 0x000001edc10a6f90 code [0x000001edc10a7100, 0x000001edc10a72b8]
Event: 63.753 Thread 0x000001edccfa6530  155       3       java.lang.StringLatin1::newString (24 bytes)
Event: 63.753 Thread 0x000001edb1d5ac20  153       4       java.util.zip.ZipFile$Source::nextEntryPos (22 bytes)
Event: 63.754 Thread 0x000001edccfa6530 nmethod 155 0x000001edb9ba4a10 code [0x000001edb9ba4be0, 0x000001edb9ba4f28]
Event: 63.757 Thread 0x000001edb1d5ac20 nmethod 153 0x000001edc10a7410 code [0x000001edc10a7580, 0x000001edc10a7718]
Event: 63.757 Thread 0x000001edb1d5ac20  154   !   4       java.util.zip.ZipFile$Source::checkAndAddEntry (209 bytes)
Event: 63.759 Thread 0x000001edccfa6530  156       3       java.lang.StringLatin1::toLowerCase (186 bytes)
Event: 63.761 Thread 0x000001edccfa6530 nmethod 156 0x000001edb9ba5090 code [0x000001edb9ba5320, 0x000001edb9ba5e98]
Event: 63.761 Thread 0x000001edccfa6530  157       3       java.lang.String::checkBoundsOffCount (11 bytes)
Event: 63.762 Thread 0x000001edccfa6530 nmethod 157 0x000001edb9ba6310 code [0x000001edb9ba64c0, 0x000001edb9ba66e8]
Event: 63.764 Thread 0x000001edccfa6530  159       3       java.lang.StringCoding::hasNegatives (25 bytes)
Event: 63.765 Thread 0x000001edccfa6530 nmethod 159 0x000001edb9ba6810 code [0x000001edb9ba69c0, 0x000001edb9ba6bf8]
Event: 63.765 Thread 0x000001edccfa6530  160       3       java.util.HashMap::putVal (300 bytes)

GC Heap History (0 events):
No events

Deoptimization events (6 events):
Event: 62.561 Thread 0x000001edafb4dfb0 Uncommon trap: trap_request=0xffffff45 fr.pc=0x000001edc10a1938 relative=0x00000000000000b8
Event: 62.561 Thread 0x000001edafb4dfb0 Uncommon trap: reason=unstable_if action=reinterpret pc=0x000001edc10a1938 method=java.lang.String.isLatin1()Z @ 10 c2
Event: 62.561 Thread 0x000001edafb4dfb0 DEOPT PACKING pc=0x000001edc10a1938 sp=0x0000009fac2ff150
Event: 62.562 Thread 0x000001edafb4dfb0 DEOPT UNPACKING pc=0x000001edb962239e sp=0x0000009fac2ff0a0 mode 2
Event: 63.732 Thread 0x000001edafb4dfb0 DEOPT PACKING pc=0x000001edb9b7a7ec sp=0x0000009fac2fdb30
Event: 63.732 Thread 0x000001edafb4dfb0 DEOPT UNPACKING pc=0x000001edb9622b25 sp=0x0000009fac2fcf50 mode 0

Classes loaded (4 events):
Event: 3.571 Loading class jdk/internal/vm/VMSupport
Event: 3.572 Loading class jdk/internal/vm/VMSupport done
Event: 62.563 Loading class jdk/internal/loader/URLClassPath$FileLoader
Event: 62.563 Loading class jdk/internal/loader/URLClassPath$FileLoader done

Classes unloaded (0 events):
No events

Classes redefined (0 events):
No events

Internal exceptions (0 events):
No events

VM Operations (14 events):
Event: 2.523 Executing VM operation: Cleanup
Event: 2.523 Executing VM operation: Cleanup done
Event: 4.531 Executing VM operation: Cleanup
Event: 4.532 Executing VM operation: Cleanup done
Event: 56.111 Executing VM operation: ChangeBreakpoints
Event: 56.112 Executing VM operation: ChangeBreakpoints done
Event: 56.322 Executing VM operation: ChangeBreakpoints
Event: 56.322 Executing VM operation: ChangeBreakpoints done
Event: 62.685 Executing VM operation: HandshakeAllThreads
Event: 62.685 Executing VM operation: HandshakeAllThreads done
Event: 62.685 Executing VM operation: Cleanup
Event: 62.686 Executing VM operation: Cleanup done
Event: 63.693 Executing VM operation: Cleanup
Event: 63.693 Executing VM operation: Cleanup done

Events (20 events):
Event: 1.085 Loaded shared library C:\Program Files\Java\jdk-18.0.2.1\bin\java.dll
Event: 1.501 Loaded shared library C:\Program Files\Java\jdk-18.0.2.1\bin\jsvml.dll
Event: 1.502 Thread 0x000001edafb4dfb0 Thread added: 0x000001edafb4dfb0
Event: 1.516 Thread 0x000001edb1d3ae00 Thread added: 0x000001edb1d3ae00
Event: 1.516 Thread 0x000001edb1d3c340 Thread added: 0x000001edb1d3c340
Event: 1.698 Thread 0x000001edb1d58270 Thread added: 0x000001edb1d58270
Event: 1.698 Thread 0x000001edb1d58c10 Thread added: 0x000001edb1d58c10
Event: 1.698 Thread 0x000001edb1d595b0 Thread added: 0x000001edb1d595b0
Event: 1.699 Thread 0x000001edb1d59f50 Thread added: 0x000001edb1d59f50
Event: 1.699 Thread 0x000001edb1d5ac20 Thread added: 0x000001edb1d5ac20
Event: 1.725 Thread 0x000001edccfa6530 Thread added: 0x000001edccfa6530
Event: 1.789 Thread 0x000001edccfac2f0 Thread added: 0x000001edccfac2f0
Event: 56.108 Thread 0x000001edd146bd70 Thread added: 0x000001edd146bd70
Event: 56.109 Thread 0x000001edd1476070 Thread added: 0x000001edd1476070
Event: 56.111 Thread 0x000001edd147aa80 Thread added: 0x000001edd147aa80
Event: 62.552 Thread 0x000001edafa5e510 Thread added: 0x000001edafa5e510
Event: 62.578 Thread 0x000001edd147e6e0 Thread added: 0x000001edd147e6e0
Event: 62.596 Loaded shared library C:\Program Files\Java\jdk-18.0.2.1\bin\net.dll
Event: 62.668 Loaded shared library C:\Program Files\Java\jdk-18.0.2.1\bin\nio.dll
Event: 62.683 Loaded shared library C:\Program Files\Java\jdk-18.0.2.1\bin\zip.dll


Dynamic libraries:
0x00007ff6d2770000 - 0x00007ff6d2780000 	C:\Program Files\Java\jdk-18.0.2.1\bin\javaw.exe
0x00007ffa5f130000 - 0x00007ffa5f328000 	C:\Windows\SYSTEM32\ntdll.dll
0x00007ffa5eaa0000 - 0x00007ffa5eb5f000 	C:\Windows\System32\KERNEL32.DLL
0x00007ffa5cc80000 - 0x00007ffa5cf52000 	C:\Windows\System32\KERNELBASE.dll
0x00007ffa5d080000 - 0x00007ffa5d180000 	C:\Windows\System32\ucrtbase.dll
0x00007ffa58210000 - 0x00007ffa58228000 	C:\Program Files\Java\jdk-18.0.2.1\bin\jli.dll
0x00007ffa594c0000 - 0x00007ffa594da000 	C:\Program Files\Java\jdk-18.0.2.1\bin\VCRUNTIME140.dll
0x00007ffa5d8a0000 - 0x00007ffa5d94e000 	C:\Windows\System32\ADVAPI32.dll
0x00007ffa5ebe0000 - 0x00007ffa5ec7e000 	C:\Windows\System32\msvcrt.dll
0x00007ffa5d590000 - 0x00007ffa5d62c000 	C:\Windows\System32\sechost.dll
0x00007ffa5e400000 - 0x00007ffa5e525000 	C:\Windows\System32\RPCRT4.dll
0x00007ffa5d2c0000 - 0x00007ffa5d45d000 	C:\Windows\System32\USER32.dll
0x00007ffa4fa70000 - 0x00007ffa4fd0a000 	C:\Windows\WinSxS\amd64_microsoft.windows.common-controls_6595b64144ccf1df_6.0.19041.1110_none_60b5254171f9507e\COMCTL32.dll
0x00007ffa5d050000 - 0x00007ffa5d072000 	C:\Windows\System32\win32u.dll
0x00007ffa5e660000 - 0x00007ffa5e68b000 	C:\Windows\System32\GDI32.dll
0x00007ffa5ca20000 - 0x00007ffa5cb2f000 	C:\Windows\System32\gdi32full.dll
0x00007ffa5cfb0000 - 0x00007ffa5d04d000 	C:\Windows\System32\msvcp_win.dll
0x00007ffa4c290000 - 0x00007ffa4c29a000 	C:\Windows\SYSTEM32\VERSION.dll
0x00007ffa5d7f0000 - 0x00007ffa5d822000 	C:\Windows\System32\IMM32.DLL
0x00007ffa58200000 - 0x00007ffa5820c000 	C:\Program Files\Java\jdk-18.0.2.1\bin\vcruntime140_1.dll
0x00007ffa529b0000 - 0x00007ffa52a3d000 	C:\Program Files\Java\jdk-18.0.2.1\bin\msvcp140.dll
0x00007ffa239c0000 - 0x00007ffa245d1000 	C:\Program Files\Java\jdk-18.0.2.1\bin\server\jvm.dll
0x00007ffa5d7e0000 - 0x00007ffa5d7e8000 	C:\Windows\System32\PSAPI.DLL
0x00007ffa558d0000 - 0x00007ffa558d9000 	C:\Windows\SYSTEM32\WSOCK32.dll
0x00007ffa59fe0000 - 0x00007ffa5a007000 	C:\Windows\SYSTEM32\WINMM.dll
0x00007ffa5d830000 - 0x00007ffa5d89b000 	C:\Windows\System32\WS2_32.dll
0x00007ffa5a6f0000 - 0x00007ffa5a702000 	C:\Windows\SYSTEM32\kernel.appcore.dll
0x00007ffa54c80000 - 0x00007ffa54c8a000 	C:\Program Files\Java\jdk-18.0.2.1\bin\jimage.dll
0x00007ffa4c680000 - 0x00007ffa4c864000 	C:\Windows\SYSTEM32\DBGHELP.DLL
0x00007ffa4c650000 - 0x00007ffa4c67c000 	C:\Windows\SYSTEM32\dbgcore.DLL
0x00007ffa5c990000 - 0x00007ffa5ca12000 	C:\Windows\System32\bcryptPrimitives.dll
0x00007ffa4feb0000 - 0x00007ffa4feeb000 	C:\Program Files\Java\jdk-18.0.2.1\bin\jdwp.dll
0x00007ffa52980000 - 0x00007ffa529a5000 	C:\Program Files\Java\jdk-18.0.2.1\bin\java.dll
0x00007ffa51270000 - 0x00007ffa51346000 	C:\Program Files\Java\jdk-18.0.2.1\bin\jsvml.dll
0x00007ffa5db90000 - 0x00007ffa5e2d3000 	C:\Windows\System32\SHELL32.dll
0x00007ffa5a8f0000 - 0x00007ffa5b082000 	C:\Windows\SYSTEM32\windows.storage.dll
0x00007ffa5e740000 - 0x00007ffa5ea94000 	C:\Windows\System32\combase.dll
0x00007ffa5c290000 - 0x00007ffa5c2c0000 	C:\Windows\SYSTEM32\Wldp.dll
0x00007ffa5e690000 - 0x00007ffa5e73d000 	C:\Windows\System32\SHCORE.dll
0x00007ffa5d780000 - 0x00007ffa5d7d5000 	C:\Windows\System32\shlwapi.dll
0x00007ffa5c770000 - 0x00007ffa5c78f000 	C:\Windows\SYSTEM32\profapi.dll
0x00007ffa58270000 - 0x00007ffa5827c000 	C:\Program Files\Java\jdk-18.0.2.1\bin\dt_socket.dll
0x00007ffa5bc90000 - 0x00007ffa5bccb000 	C:\Windows\SYSTEM32\IPHLPAPI.DLL
0x00007ffa5bff0000 - 0x00007ffa5c05a000 	C:\Windows\system32\mswsock.dll
0x00007ffa5bce0000 - 0x00007ffa5bdaa000 	C:\Windows\SYSTEM32\DNSAPI.dll
0x00007ffa5e530000 - 0x00007ffa5e538000 	C:\Windows\System32\NSI.dll
0x00007ffa54f00000 - 0x00007ffa54f0a000 	C:\Windows\System32\rasadhlp.dll
0x00007ffa4dfb0000 - 0x00007ffa4e030000 	C:\Windows\System32\fwpuclnt.dll
0x00007ffa5cba0000 - 0x00007ffa5cbc7000 	C:\Windows\System32\bcrypt.dll
0x00007ffa54230000 - 0x00007ffa54243000 	C:\Program Files\Java\jdk-18.0.2.1\bin\net.dll
0x00007ffa50da0000 - 0x00007ffa50eac000 	C:\Windows\SYSTEM32\WINHTTP.dll
0x00007ffa52960000 - 0x00007ffa52976000 	C:\Program Files\Java\jdk-18.0.2.1\bin\nio.dll
0x00007ffa52940000 - 0x00007ffa52958000 	C:\Program Files\Java\jdk-18.0.2.1\bin\zip.dll

dbghelp: loaded successfully - version: 4.0.5 - missing functions: none
symbol engine: initialized successfully - sym options: 0x614 - pdb path: .;C:\Program Files\Java\jdk-18.0.2.1\bin;C:\Windows\SYSTEM32;C:\Windows\WinSxS\amd64_microsoft.windows.common-controls_6595b64144ccf1df_6.0.19041.1110_none_60b5254171f9507e;C:\Program Files\Java\jdk-18.0.2.1\bin\server

VM Arguments:
jvm_args: -XX:+ShowCodeDetailsInExceptionMessages -agentlib:jdwp=transport=dt_socket,suspend=y,address=localhost:63640 -Dfile.encoding=UTF-8 
java_command: cucumber.api.cli.Main D:/Automationlearning/AutomationFramework/src/test/java/features/loginWithWrapper.feature --glue classpath: --plugin pretty --monochrome
java_class_path (initial): D:\Automationlearning\AutomationFramework\target\classes;D:\Automationlearning\AutomationFramework\target\test-classes;C:\Users\deepa\.m2\repository\org\seleniumhq\selenium\selenium-java\4.2.2\selenium-java-4.2.2.jar;C:\Users\deepa\.m2\repository\org\seleniumhq\selenium\selenium-api\4.2.2\selenium-api-4.2.2.jar;C:\Users\deepa\.m2\repository\org\seleniumhq\selenium\selenium-chrome-driver\4.2.2\selenium-chrome-driver-4.2.2.jar;C:\Users\deepa\.m2\repository\com\google\auto\service\auto-service-annotations\1.0.1\auto-service-annotations-1.0.1.jar;C:\Users\deepa\.m2\repository\com\google\auto\service\auto-service\1.0.1\auto-service-1.0.1.jar;C:\Users\deepa\.m2\repository\com\google\auto\auto-common\1.2\auto-common-1.2.jar;C:\Users\deepa\.m2\repository\com\google\guava\guava\31.1-jre\guava-31.1-jre.jar;C:\Users\deepa\.m2\repository\com\google\guava\failureaccess\1.0.1\failureaccess-1.0.1.jar;C:\Users\deepa\.m2\repository\com\google\guava\listenablefuture\9999.0-empty-to-avoid-conflict-with-guava\listenablefuture-9999.0-empty-to-avoid-conflict-with-guava.jar;C:\Users\deepa\.m2\repository\org\checkerframework\checker-qual\3.12.0\checker-qual-3.12.0.jar;C:\Users\deepa\.m2\repository\com\google\errorprone\error_prone_annotations\2.11.0\error_prone_annotations-2.11.0.jar;C:\Users\deepa\.m2\repository\com\google\j2objc\j2objc-annotations\1.3\j2objc-annotations-1.3.jar;C:\Users\deepa\.m2\repository\org\seleniumhq\selenium\selenium-chromium-driver\4.2.2\selenium-chromium-driver-4.2.2.jar;C:\Users\deepa\.m2\repository\org\seleniumhq\selenium\selenium-json\4.2.2\selenium-json-4.2.2.jar;C:\Users\deepa\.m2\repository\org\seleniumhq\selenium\selenium-devtools-v100\4.2.2\selenium-devtools-v100-4.2.2.jar;C:\Users\deepa\.m2\repository\org\seleniumhq\selenium\selenium-devtools-v101\4.2.2\selenium-devtools-v101-4.2.2.jar;C:\Users\deepa\.m2\repository\org\seleniumhq\selenium\selenium-devtools-v102\4.2.2\selenium-devtools-v102-4.2.2.jar;C:\Users\deepa\.m2\repository\org\seleniumhq\selenium\selenium-devtools-v85\4.2.2\selenium-devtools-v85-4.2.2.jar;C:\Users\deepa\.m2\repository\org\seleniumhq\selenium\selenium-edge-driver\4.2.2\selenium-edge-driver-4.2.2.jar;C:\Users\deepa\.m2\repository\org\seleniumhq\selenium\selenium-firefox-driver\4.2.2\selenium-firefox-driver-4.2.2.jar;C:\Users\deepa\.m2\repository\org\seleniumhq\selenium\selenium-ie-driver\4.2.2\selenium-ie-driver-4.2.2.jar;C:\Users\deepa\.m2\repository\org\seleniumhq\selenium\selenium-opera-driver\4.2.2\selenium-opera-driver-4.2.2.jar;C:\Users\deepa\.m2\repository\org\seleniumhq\selenium\selenium-remote-driver\4.2.2\selenium-remote-driver-4.2.2.jar;C:\Users\deepa\.m2\repository\io\netty\netty-buffer\4.1.77.Final\netty-buffer-4.1.77.Final.jar;C:\Users\deepa\.m2\repository\io\netty\netty-codec-http\4.1.77.Final\netty-codec-http-4.1.77.Final.jar;C:\Users\deepa\.m2\repository\io\netty\netty-codec\4.1.77.Final\netty-codec-4.1.77.Final.jar;C:\Users\deepa\.m2\repository\io\netty\netty-handler\4.1.77.Final\netty-handler-4.1.77.Final.jar;C:\Users\deepa\.m2\repository\io\netty\netty-common\4.1.77.Final\netty-common-4.1.77.Final.jar;C:\Users\deepa\.m2\repository\io\netty\netty-transport-classes-epoll\4.1.77.Final\netty-transport-classes-epoll-4.1.77.Final.jar;C:\Users\deepa\.m2\repository\io\netty\netty-transport-classes-kqueue\4.1.77.Final\netty-transport-classes-kqueue-4.1.77.Final.jar;C:\Users\deepa\.m2\repository\io\netty\netty-transport-native-epoll\4.1.77.Final\netty-transport-native-epoll-4.1.77.Final.jar;C:\Users\deepa\.m2\repository\io\netty\netty-transport-native-kqueue\4.1.77.Final\netty-transport-native-kqueue-4.1.77.Final.jar;C:\Users\deepa\.m2\repository\io\netty\netty-transport-native-unix-common\4.1.77.Final\netty-transport-native-unix-common-4.1.77.Final.jar;C:\Users\deepa\.m2\repository\io\netty\netty-transport\4.1.77.Final\netty-transport-4.1.77.Final.jar;C:\Users\deepa\.m2\repository\io\netty\netty-resolver\4.1.77.Final\netty-resolver-4.1.77.Final.jar;C:\Users\deepa\.m2\repository\io\opentelemetry\opentelemetry-api\1.14.0\opentelemetry-api-1.14.0.jar;C:\Users\deepa\.m2\repository\io\opentelemetry\opentelemetry-context\1.14.0\opentelemetry-context-1.14.0.jar;C:\Users\deepa\.m2\repository\io\opentelemetry\opentelemetry-exporter-logging\1.14.0\opentelemetry-exporter-logging-1.14.0.jar;C:\Users\deepa\.m2\repository\io\opentelemetry\opentelemetry-sdk-metrics\1.14.0\opentelemetry-sdk-metrics-1.14.0.jar;C:\Users\deepa\.m2\repository\io\opentelemetry\opentelemetry-sdk-logs\1.14.0-alpha\opentelemetry-sdk-logs-1.14.0-alpha.jar;C:\Users\deepa\.m2\repository\io\opentelemetry\opentelemetry-sdk-common\1.14.0\opentelemetry-sdk-common-1.14.0.jar;C:\Users\deepa\.m2\repository\io\opentelemetry\opentelemetry-sdk-extension-autoconfigure-spi\1.14.0\opentelemetry-sdk-extension-autoconfigure-spi-1.14.0.jar;C:\Users\deepa\.m2\repository\io\opentelemetry\opentelemetry-sdk-extension-autoconfigure\1.14.0-alpha\opentelemetry-sdk-extension-autoconfigure-1.14.0-alpha.jar;C:\Users\deepa\.m2\repository\io\opentelemetry\opentelemetry-sdk-trace\1.14.0\opentelemetry-sdk-trace-1.14.0.jar;C:\Users\deepa\.m2\repository\io\opentelemetry\opentelemetry-sdk\1.14.0\opentelemetry-sdk-1.14.0.jar;C:\Users\deepa\.m2\repository\io\opentelemetry\opentelemetry-semconv\1.14.0-alpha\opentelemetry-semconv-1.14.0-alpha.jar;C:\Users\deepa\.m2\repository\io\ous\jtoml\2.0.0\jtoml-2.0.0.jar;C:\Users\deepa\.m2\repository\net\bytebuddy\byte-buddy\1.12.10\byte-buddy-1.12.10.jar;C:\Users\deepa\.m2\repository\org\apache\commons\commons-exec\1.3\commons-exec-1.3.jar;C:\Users\deepa\.m2\repository\org\asynchttpclient\async-http-client\2.12.3\async-http-client-2.12.3.jar;C:\Users\deepa\.m2\repository\org\asynchttpclient\async-http-client-netty-utils\2.12.3\async-http-client-netty-utils-2.12.3.jar;C:\Users\deepa\.m2\repository\io\netty\netty-codec-socks\4.1.60.Final\netty-codec-socks-4.1.60.Final.jar;C:\Users\deepa\.m2\repository\io\netty\netty-handler-proxy\4.1.60.Final\netty-handler-proxy-4.1.60.Final.jar;C:\Users\deepa\.m2\repository\io\netty\netty-transport-native-epoll\4.1.60.Final\netty-transport-native-epoll-4.1.60.Final-linux-x86_64.jar;C:\Users\deepa\.m2\repository\io\netty\netty-transport-native-kqueue\4.1.60.Final\netty-transport-native-kqueue-4.1.60.Final-osx-x86_64.jar;C:\Users\deepa\.m2\repository\com\typesafe\netty\netty-reactive-streams\2.0.4\netty-reactive-streams-2.0.4.jar;C:\Users\deepa\.m2\repository\com\sun\activation\jakarta.activation\1.2.2\jakarta.activation-1.2.2.jar;C:\Users\deepa\.m2\repository\org\seleniumhq\selenium\selenium-http\4.2.2\selenium-http-4.2.2.jar;C:\Users\deepa\.m2\repository\dev\failsafe\failsafe\3.2.4\failsafe-3.2.4.jar;C:\Users\deepa\.m2\repository\org\seleniumhq\selenium\selenium-safari-driver\4.2.2\selenium-safari-driver-4.2.2.jar;C:\Users\deepa\.m2\repository\org\seleniumhq\selenium\selenium-support\4.2.2\selenium-support-4.2.2.jar;C:\Users\deepa\.m2\repository\org\testng\testng\7.5\testng-7.5.jar;C:\Users\deepa\.m2\repository\com\google\code\findbugs\jsr305\3.0.1\jsr305-3.0.1.jar;C:\Users\deepa\.m2\repository\org\slf4j\slf4j-api\1.7.32\slf4j-api-1.7.32.jar;C:\Users\deepa\.m2\repository\com\beust\jcommander\1.78\jcommander-1.78.jar;C:\Users\deepa\.m2\repository\org\webjars\jquery\3.5.1\jquery-3.5.1.jar;C:\Users\deepa\.m2\repository\io\github\bonigarcia\webdrivermanager\5.2.2\webdrivermanager-5.2.2.jar;C:\Users\deepa\.m2\repository\com\google\code\gson\gson\2.9.0\gson-2.9.0.jar;C:\Users\deepa\.m2\repository\com\github\docker-java\docker-java\3.2.13\docker-java-3.2.13.jar;C:\Users\deepa\.m2\repository\com\github\docker-java\docker-java-core\3.2.13\docker-java-core-3.2.13.jar;C:\Users\deepa\.m2\repository\com\github\docker-java\docker-java-api\3.2.13\docker-java-api-3.2.13.jar;C:\Users\deepa\.m2\repository\com\fasterxml\jackson\core\jackson-annotations\2.10.3\jackson-annotations-2.10.3.jar;C:\Users\deepa\.m2\repository\commons-io\commons-io\2.6\commons-io-2.6.jar;C:\Users\deepa\.m2\repository\com\fasterxml\jackson\core\jackson-databind\2.10.3\jackson-databind-2.10.3.jar;C:\Users\deepa\.m2\repository\com\fasterxml\jackson\core\jackson-core\2.10.3\jackson-core-2.10.3.jar;C:\Users\deepa\.m2\repository\org\bouncycastle\bcpkix-jdk15on\1.64\bcpkix-jdk15on-1.64.jar;C:\Users\deepa\.m2\repository\org\bouncycastle\bcprov-jdk15on\1.64\bcprov-jdk15on-1.64.jar;C:\Users\deepa\.m2\repository\org\slf4j\jcl-over-slf4j\1.7.30\jcl-over-slf4j-1.7.30.jar;C:\Users\deepa\.m2\repository\com\github\docker-java\docker-java-transport-httpclient5\3.2.13\docker-java-transport-httpclient5-3.2.13.jar;C:\Users\deepa\.m2\repository\com\github\docker-java\docker-java-transport\3.2.13\docker-java-transport-3.2.13.jar;C:\Users\deepa\.m2\repository\net\java\dev\jna\jna\5.8.0\jna-5.8.0.jar;C:\Users\deepa\.m2\repository\org\brotli\dec\0.1.2\dec-0.1.2.jar;C:\Users\deepa\.m2\repository\org\apache\commons\commons-lang3\3.12.0\commons-lang3-3.12.0.jar;C:\Users\deepa\.m2\repository\org\apache\httpcomponents\client5\httpclient5\5.1.3\httpclient5-5.1.3.jar;C:\Users\deepa\.m2\repository\org\apache\httpcomponents\core5\httpcore5\5.1.3\httpcore5-5.1.3.jar;C:\Users\deepa\.m2\repository\org\apache\httpcomponents\core5\httpcore5-h2\5.1.3\httpcore5-h2-5.1.3.jar;C:\Users\deepa\.m2\repository\org\apache\poi\poi\4.1.1\poi-4.1.1.jar;C:\Users\deepa\.m2\repository\commons-codec\commons-codec\1.13\commons-codec-1.13.jar;C:\Users\deepa\.m2\repository\org\apache\commons\commons-collections4\4.4\commons-collections4-4.4.jar;C:\Users\deepa\.m2\repository\org\apache\commons\commons-math3\3.6.1\commons-math3-3.6.1.jar;C:\Users\deepa\.m2\repository\org\apache\poi\poi-ooxml-schemas\4.1.1\poi-ooxml-schemas-4.1.1.jar;C:\Users\deepa\.m2\repository\org\apache\xmlbeans\xmlbeans\3.1.0\xmlbeans-3.1.0.jar;C:\Users\deepa\.m2\repository\org\apache\poi\poi-ooxml\4.1.1\poi-ooxml-4.1.1.jar;C:\Users\deepa\.m2\repository\org\apache\commons\commons-compress\1.19\commons-compress-1.19.jar;C:\Users\deepa\.m2\repository\com\github\virtuald\curvesapi\1.06\curvesapi-1.06.jar;C:\Users\deepa\.m2\repository\com\aventstack\extentreports\5.0.5\extentreports-5.0.5.jar;C:\Users\deepa\.m2\repository\io\reactivex\rxjava3\rxjava\3.0.4\rxjava-3.0.4.jar;C:\Users\deepa\.m2\repository\org\reactivestreams\reactive-streams\1.0.3\reactive-streams-1.0.3.jar;C:\Users\deepa\.m2\repository\org\freemarker\freemarker\2.3.30\freemarker-2.3.30.jar;C:\Users\deepa\.m2\repository\org\projectlombok\lombok\1.18.12\lombok-1.18.12.jar;C:\Users\deepa\.m2\repository\io\cucumber\cucumber-testng\6.10.2\cucumber-testng-6.10.2.jar;C:\Users\deepa\.m2\repository\org\apiguardian\apiguardian-api\1.1.1\apiguardian-api-1.1.1.jar;C:\Users\deepa\.m2\repository\io\cucumber\cucumber-core\6.10.2\cucumber-core-6.10.2.jar;C:\Users\deepa\.m2\repository\io\cucumber\cucumber-gherkin\6.10.2\cucumber-gherkin-6.10.2.jar;C:\Users\deepa\.m2\repository\io\cucumber\cucumber-gherkin-messages\6.10.2\cucumber-gherkin-messages-6.10.2.jar;C:\Users\deepa\.m2\repository\io\cucumber\messages\14.0.1\messages-14.0.1.jar;C:\Users\deepa\.m2\repository\io\cucumber\tag-expressions\3.0.0\tag-expressions-3.0.0.jar;C:\Users\deepa\.m2\repository\io\cucumber\cucumber-expressions\10.3.0\cucumber-expressions-10.3.0.jar;C:\Users\deepa\.m2\repository\io\cucumber\datatable\3.5.0\datatable-3.5.0.jar;C:\Users\deepa\.m2\repository\io\cucumber\cucumber-plugin\6.10.2\cucumber-plugin-6.10.2.jar;C:\Users\deepa\.m2\repository\io\cucumber\docstring\6.10.2\docstring-6.10.2.jar;C:\Users\deepa\.m2\repository\io\cucumber\html-formatter\12.0.0\html-formatter-12.0.0.jar;C:\Users\deepa\.m2\repository\io\cucumber\create-meta\3.0.0\create-meta-3.0.0.jar;C:\Users\deepa\.m2\repository\io\cucumber\cucumber-java\6.10.2\cucumber-java-6.10.2.jar;C:\Users\deepa\.m2\repository\io\cucumber\cucumber-picocontainer\6.10.2\cucumber-picocontainer-6.10.2.jar;C:\Users\deepa\.m2\repository\org\picocontainer\picocontainer\2.15\picocontainer-2.15.jar
Launcher Type: SUN_STANDARD

[Global flags]
     intx CICompilerCount                          = 3                                         {product} {ergonomic}
     uint ConcGCThreads                            = 1                                         {product} {ergonomic}
     uint G1ConcRefinementThreads                  = 4                                         {product} {ergonomic}
   size_t G1HeapRegionSize                         = 1048576                                   {product} {ergonomic}
    uintx GCDrainStackTargetSize                   = 64                                        {product} {ergonomic}
   size_t InitialHeapSize                          = 67108864                                  {product} {ergonomic}
   size_t MarkStackSize                            = 4194304                                   {product} {ergonomic}
   size_t MaxHeapSize                              = 1044381696                                {product} {ergonomic}
   size_t MaxNewSize                               = 625999872                                 {product} {ergonomic}
   size_t MinHeapDeltaBytes                        = 1048576                                   {product} {ergonomic}
   size_t MinHeapSize                              = 8388608                                   {product} {ergonomic}
    uintx NonNMethodCodeHeapSize                   = 5832780                                {pd product} {ergonomic}
    uintx NonProfiledCodeHeapSize                  = 122912730                              {pd product} {ergonomic}
    uintx ProfiledCodeHeapSize                     = 122912730                              {pd product} {ergonomic}
    uintx ReservedCodeCacheSize                    = 251658240                              {pd product} {ergonomic}
     bool SegmentedCodeCache                       = true                                      {product} {ergonomic}
     bool ShowCodeDetailsInExceptionMessages       = true                                   {manageable} {command line}
   size_t SoftMaxHeapSize                          = 1044381696                             {manageable} {ergonomic}
     bool UseCompressedClassPointers               = true                           {product lp64_product} {ergonomic}
     bool UseCompressedOops                        = true                           {product lp64_product} {ergonomic}
     bool UseG1GC                                  = true                                      {product} {ergonomic}
     bool UseLargePagesIndividualAllocation        = false                                  {pd product} {ergonomic}

Logging:
Log output configuration:
 #0: stdout all=warning uptime,level,tags foldmultilines=false
 #1: stderr all=off uptime,level,tags foldmultilines=false

Environment Variables:
PATH=C:\Program Files\Common Files\Oracle\Java\javapath;C:\Windows\system32;C:\Windows;C:\Windows\System32\Wbem;C:\Windows\System32\WindowsPowerShell\v1.0\;C:\Windows\System32\OpenSSH\;C:\opt\apache-maven-3.8.6\bin;C:\Users\deepa\AppData\Local\Microsoft\WindowsApps;
USERNAME=deepa
OS=Windows_NT
PROCESSOR_IDENTIFIER=Intel64 Family 6 Model 55 Stepping 8, GenuineIntel



---------------  S Y S T E M  ---------------

OS:
 Windows 10 , 64 bit Build 19041 (10.0.19041.2251)
OS uptime: 1 days 13:31 hours

CPU: total 4 (initial active 4) (4 cores per cpu, 1 threads per core) family 6 model 55 stepping 8 microcode 0x838, cx8, cmov, fxsr, mmx, 3dnowpref, sse, sse2, sse3, ssse3, sse4.1, sse4.2, popcnt, tsc, tscinvbit, erms, clmul, clflush

Memory: 4k page, system-wide physical 3982M (247M free)
TotalPageFile size 16270M (AvailPageFile size 134M)
current process WorkingSet (physical memory assigned to process): 43M, peak: 43M
current process commit charge ("private bytes"): 140M, peak: 140M

vm_info: Java HotSpot(TM) 64-Bit Server VM (18.0.2.1+1-1) for windows-amd64 JRE (18.0.2.1+1-1), built on Aug 16 2022 01:46:33 by "mach5one" with MS VC++ 16.8 / 16.9 (VS2019)

END.
