#
# There is insufficient memory for the Java Runtime Environment to continue.
# Native memory allocation (mmap) failed to map 65536 bytes for Failed to commit metaspace.
# Possible reasons:
#   The system is out of physical RAM or swap space
#   The process is running with CompressedOops enabled, and the Java Heap may be blocking the growth of the native heap
# Possible solutions:
#   Reduce memory load on the system
#   Increase physical memory or swap space
#   Check if swap backing store is full
#   Decrease Java heap size (-Xmx/-Xms)
#   Decrease number of Java threads
#   Decrease Java thread stack sizes (-Xss)
#   Set larger code cache with -XX:ReservedCodeCacheSize=
#   JVM is running with Unscaled Compressed Oops mode in which the Java heap is
#     placed in the first 4GB address space. The Java Heap base address is the
#     maximum limit for the native heap growth. Please use -XX:HeapBaseMinAddress
#     to set the Java Heap base and to place the Java Heap above 4GB virtual address.
# This output file may be truncated or incomplete.
#
#  Out of Memory Error (virtualSpaceNode.cpp:110), pid=25188, tid=14268
#
# JRE version: Java(TM) SE Runtime Environment (18.0.2.1+1) (build 18.0.2.1+1-1)
# Java VM: Java HotSpot(TM) 64-Bit Server VM (18.0.2.1+1-1, mixed mode, sharing, tiered, compressed oops, compressed class ptrs, g1 gc, windows-amd64)
# No core dump will be written. Minidumps are not enabled by default on client versions of Windows
#

---------------  S U M M A R Y ------------

Command Line: -XX:+ShowCodeDetailsInExceptionMessages -agentlib:jdwp=transport=dt_socket,suspend=y,address=localhost:63688 -Dfile.encoding=UTF-8 cucumber.api.cli.Main D:/Automationlearning/AutomationFramework/src/test/java/features/loginWithWrapper.feature --glue classpath: --plugin pretty --monochrome

Host: Intel(R) Pentium(R) CPU  A1020  @ 2.41GHz, 4 cores, 3G,  Windows 10 , 64 bit Build 19041 (10.0.19041.2251)
Time: Fri Nov 25 21:15:15 2022 India Standard Time elapsed time: 72.844192 seconds (0d 0h 1m 12s)

---------------  T H R E A D  ---------------

Current thread (0x000001c0f23a2740):  JavaThread "main" [_thread_in_vm, id=14268, stack(0x000000029ba00000,0x000000029bb00000)]

Stack: [0x000000029ba00000,0x000000029bb00000]
Native frames: (J=compiled Java code, j=interpreted, Vv=VM code, C=native code)
V  [jvm.dll+0x6993aa]
V  [jvm.dll+0x7f46dd]
V  [jvm.dll+0x7f5fee]
V  [jvm.dll+0x7f66a3]
V  [jvm.dll+0x25cf1f]
V  [jvm.dll+0x7f03eb]
V  [jvm.dll+0x63f526]
V  [jvm.dll+0x63f58a]
V  [jvm.dll+0x641e0e]
V  [jvm.dll+0x641cce]
V  [jvm.dll+0x63feee]
V  [jvm.dll+0x252ab0]
V  [jvm.dll+0x20333d]
V  [jvm.dll+0x1f8d61]
V  [jvm.dll+0x55dc05]
V  [jvm.dll+0x209c17]
V  [jvm.dll+0x76dd8d]
V  [jvm.dll+0x76f0c6]
V  [jvm.dll+0x76f3f8]
V  [jvm.dll+0x255346]
V  [jvm.dll+0x64bd21]
V  [jvm.dll+0x53f761]
V  [jvm.dll+0x3a23fd]
C  0x000001c08000de27

Java frames: (J=compiled Java code, j=interpreted, Vv=VM code)
j  java.util.zip.Inflater.inflateBytesBytes(J[BII[BII)J+0 java.base@18.0.2.1
j  java.util.zip.Inflater.inflate([BII)I+64 java.base@18.0.2.1
j  java.util.zip.InflaterInputStream.read([BII)I+37 java.base@18.0.2.1
j  java.io.InputStream.readNBytes([BII)I+27 java.base@18.0.2.1
j  java.util.jar.JarFile.getBytes(Ljava/util/zip/ZipEntry;)[B+77 java.base@18.0.2.1
j  java.util.jar.JarFile.checkForSpecialAttributes()V+33 java.base@18.0.2.1
j  java.util.jar.JarFile.hasClassPathAttribute()Z+1 java.base@18.0.2.1
j  java.util.jar.JavaUtilJarAccessImpl.jarFileHasClassPathAttribute(Ljava/util/jar/JarFile;)Z+1 java.base@18.0.2.1
j  jdk.internal.loader.URLClassPath$JarLoader.getClassPath()[Ljava/net/URL;+20 java.base@18.0.2.1
j  jdk.internal.loader.URLClassPath.getLoader(I)Ljdk/internal/loader/URLClassPath$Loader;+88 java.base@18.0.2.1
j  jdk.internal.loader.URLClassPath.getResource(Ljava/lang/String;Z)Ljdk/internal/loader/Resource;+42 java.base@18.0.2.1
j  jdk.internal.loader.BuiltinClassLoader.findClassOnClassPathOrNull(Ljava/lang/String;)Ljava/lang/Class;+26 java.base@18.0.2.1
j  jdk.internal.loader.BuiltinClassLoader.loadClassOrNull(Ljava/lang/String;Z)Ljava/lang/Class;+111 java.base@18.0.2.1
j  jdk.internal.loader.BuiltinClassLoader.loadClass(Ljava/lang/String;Z)Ljava/lang/Class;+3 java.base@18.0.2.1
j  jdk.internal.loader.ClassLoaders$AppClassLoader.loadClass(Ljava/lang/String;Z)Ljava/lang/Class;+36 java.base@18.0.2.1
j  java.lang.ClassLoader.loadClass(Ljava/lang/String;)Ljava/lang/Class;+3 java.base@18.0.2.1
v  ~StubRoutines::call_stub
j  java.lang.Class.forName0(Ljava/lang/String;ZLjava/lang/ClassLoader;Ljava/lang/Class;)Ljava/lang/Class;+0 java.base@18.0.2.1
j  java.lang.Class.forName(Ljava/lang/String;ZLjava/lang/ClassLoader;Ljava/lang/Class;)Ljava/lang/Class;+37 java.base@18.0.2.1
j  java.lang.Class.forName(Ljava/lang/String;ZLjava/lang/ClassLoader;)Ljava/lang/Class;+20 java.base@18.0.2.1
j  sun.launcher.LauncherHelper.loadMainClass(ILjava/lang/String;)Ljava/lang/Class;+95 java.base@18.0.2.1
j  sun.launcher.LauncherHelper.checkAndLoadMain(ZILjava/lang/String;)Ljava/lang/Class;+42 java.base@18.0.2.1
v  ~StubRoutines::call_stub

---------------  P R O C E S S  ---------------

Threads class SMR info:
_java_thread_list=0x000001c0fe7bcce0, length=15, elements={
0x000001c0f23a2740, 0x000001c0f24410c0, 0x000001c0f2443500, 0x000001c0f2457ab0,
0x000001c0f2458360, 0x000001c0f24593b0, 0x000001c0f245a540, 0x000001c0fe56ea30,
0x000001c0fe571730, 0x000001c0fe587360, 0x000001c0fe7ba160, 0x000001c0fe7c8630,
0x000001c0fe7c9f20, 0x000001c0f219db70, 0x000001c0fe7c7530
}

Java Threads: ( => current thread )
=>0x000001c0f23a2740 JavaThread "main" [_thread_in_vm, id=14268, stack(0x000000029ba00000,0x000000029bb00000)]
  0x000001c0f24410c0 JavaThread "Reference Handler" daemon [_thread_blocked, id=25456, stack(0x000000029c100000,0x000000029c200000)]
  0x000001c0f2443500 JavaThread "Finalizer" daemon [_thread_blocked, id=12420, stack(0x000000029c200000,0x000000029c300000)]
  0x000001c0f2457ab0 JavaThread "Signal Dispatcher" daemon [_thread_blocked, id=11536, stack(0x000000029c300000,0x000000029c400000)]
  0x000001c0f2458360 JavaThread "Attach Listener" daemon [_thread_blocked, id=10160, stack(0x000000029c400000,0x000000029c500000)]
  0x000001c0f24593b0 JavaThread "Service Thread" daemon [_thread_blocked, id=9476, stack(0x000000029c500000,0x000000029c600000)]
  0x000001c0f245a540 JavaThread "Monitor Deflation Thread" daemon [_thread_blocked, id=21548, stack(0x000000029c600000,0x000000029c700000)]
  0x000001c0fe56ea30 JavaThread "C2 CompilerThread0" daemon [_thread_blocked, id=7696, stack(0x000000029c700000,0x000000029c800000)]
  0x000001c0fe571730 JavaThread "C1 CompilerThread0" daemon [_thread_blocked, id=26664, stack(0x000000029c800000,0x000000029c900000)]
  0x000001c0fe587360 JavaThread "Sweeper thread" daemon [_thread_blocked, id=18456, stack(0x000000029c900000,0x000000029ca00000)]
  0x000001c0fe7ba160 JavaThread "JDWP Transport Listener: dt_socket" daemon [_thread_blocked, id=2168, stack(0x000000029ca00000,0x000000029cb00000)]
  0x000001c0fe7c8630 JavaThread "JDWP Event Helper Thread" daemon [_thread_blocked, id=7580, stack(0x000000029cb00000,0x000000029cc00000)]
  0x000001c0fe7c9f20 JavaThread "JDWP Command Reader" daemon [_thread_in_native, id=25668, stack(0x000000029cc00000,0x000000029cd00000)]
  0x000001c0f219db70 JavaThread "Notification Thread" daemon [_thread_blocked, id=25128, stack(0x000000029b700000,0x000000029b800000)]
  0x000001c0fe7c7530 JavaThread "Common-Cleaner" daemon [_thread_blocked, id=20552, stack(0x000000029b900000,0x000000029ba00000)]

Other Threads:
  0x000001c0f243b600 VMThread "VM Thread" [stack: 0x000000029c000000,0x000000029c100000] [id=18840] _threads_hazard_ptr=0x000001c0fe7bcce0
  0x000001c0fe7b99e0 WatcherThread "VM Periodic Task Thread" [stack: 0x000000029b800000,0x000000029b900000] [id=13340]
  0x000001c0f23e6e80 WorkerThread "GC Thread#0" [stack: 0x000000029bb00000,0x000000029bc00000] [id=19848]
  0x000001c0f23f0950 ConcurrentGCThread "G1 Main Marker" [stack: 0x000000029bc00000,0x000000029bd00000] [id=27592]
  0x000001c0f23f2260 WorkerThread "G1 Conc#0" [stack: 0x000000029bd00000,0x000000029be00000] [id=24852]
  0x000001c0f241b4d0 ConcurrentGCThread "G1 Refine#0" [stack: 0x000000029be00000,0x000000029bf00000] [id=18672]
  0x000001c0f241bcf0 ConcurrentGCThread "G1 Service" [stack: 0x000000029bf00000,0x000000029c000000] [id=16856]

Threads with active compile tasks:

VM state: synchronizing (normal execution)

VM Mutex/Monitor currently owned by a thread:  ([mutex/lock_event])
[0x000001c0f239c8f0] Metaspace_lock - owner thread: 0x000001c0f23a2740
[0x000001c0f239f280] Threads_lock - owner thread: 0x000001c0f243b600

OutOfMemory and StackOverflow Exception counts:
OutOfMemoryError java_heap_errors=1

Heap address: 0x00000000c1c00000, size: 996 MB, Compressed Oops mode: 32-bit

CDS archive(s) mapped at: [0x0000000800000000-0x0000000800ba0000-0x0000000800ba0000), size 12189696, SharedBaseAddress: 0x0000000800000000, ArchiveRelocationMode: 0.
Compressed class space mapped at: 0x0000000800c00000-0x0000000840c00000, reserved size: 1073741824
Narrow klass base: 0x0000000800000000, Narrow klass shift: 0, Narrow klass range: 0x100000000

GC Precious Log:
 CardTable entry size: 512
 Card Set container configuration: InlinePtr #cards 5 size 8 Array Of Cards #cards 12 size 40 Howl #buckets 4 coarsen threshold 1843 Howl Bitmap #cards 512 size 80 coarsen threshold 460 Card regions per heap region 1 cards per card region 2048
 CPUs: 4 total, 4 available
 Memory: 3982M
 Large Page Support: Disabled
 NUMA Support: Disabled
 Compressed Oops: Enabled (32-bit)
 Heap Region Size: 1M
 Heap Min Capacity: 8M
 Heap Initial Capacity: 64M
 Heap Max Capacity: 996M
 Pre-touch: Disabled
 Parallel Workers: 4
 Concurrent Workers: 1
 Concurrent Refinement Workers: 4
 Periodic GC: Disabled

Heap:
 garbage-first heap   total 65536K, used 1024K [0x00000000c1c00000, 0x0000000100000000)
  region size 1024K, 2 young (2048K), 0 survivors (0K)
 Metaspace       used 198K, committed 256K, reserved 1114112K
  class space    used 7K, committed 64K, reserved 1048576K

Heap Regions: E=young(eden), S=young(survivor), O=old, HS=humongous(starts), HC=humongous(continues), CS=collection set, F=free, OA=open archive, CA=closed archive, TAMS=top-at-mark-start (previous, next)
|   0|0x00000000c1c00000, 0x00000000c1c00000, 0x00000000c1d00000|  0%| F|  |TAMS 0x00000000c1c00000, 0x00000000c1c00000| Untracked 
|   1|0x00000000c1d00000, 0x00000000c1d00000, 0x00000000c1e00000|  0%| F|  |TAMS 0x00000000c1d00000, 0x00000000c1d00000| Untracked 
|   2|0x00000000c1e00000, 0x00000000c1e00000, 0x00000000c1f00000|  0%| F|  |TAMS 0x00000000c1e00000, 0x00000000c1e00000| Untracked 
|   3|0x00000000c1f00000, 0x00000000c1f00000, 0x00000000c2000000|  0%| F|  |TAMS 0x00000000c1f00000, 0x00000000c1f00000| Untracked 
|   4|0x00000000c2000000, 0x00000000c2000000, 0x00000000c2100000|  0%| F|  |TAMS 0x00000000c2000000, 0x00000000c2000000| Untracked 
|   5|0x00000000c2100000, 0x00000000c2100000, 0x00000000c2200000|  0%| F|  |TAMS 0x00000000c2100000, 0x00000000c2100000| Untracked 
|   6|0x00000000c2200000, 0x00000000c2200000, 0x00000000c2300000|  0%| F|  |TAMS 0x00000000c2200000, 0x00000000c2200000| Untracked 
|   7|0x00000000c2300000, 0x00000000c2300000, 0x00000000c2400000|  0%| F|  |TAMS 0x00000000c2300000, 0x00000000c2300000| Untracked 
|   8|0x00000000c2400000, 0x00000000c2400000, 0x00000000c2500000|  0%| F|  |TAMS 0x00000000c2400000, 0x00000000c2400000| Untracked 
|   9|0x00000000c2500000, 0x00000000c2500000, 0x00000000c2600000|  0%| F|  |TAMS 0x00000000c2500000, 0x00000000c2500000| Untracked 
|  10|0x00000000c2600000, 0x00000000c2600000, 0x00000000c2700000|  0%| F|  |TAMS 0x00000000c2600000, 0x00000000c2600000| Untracked 
|  11|0x00000000c2700000, 0x00000000c2700000, 0x00000000c2800000|  0%| F|  |TAMS 0x00000000c2700000, 0x00000000c2700000| Untracked 
|  12|0x00000000c2800000, 0x00000000c2800000, 0x00000000c2900000|  0%| F|  |TAMS 0x00000000c2800000, 0x00000000c2800000| Untracked 
|  13|0x00000000c2900000, 0x00000000c2900000, 0x00000000c2a00000|  0%| F|  |TAMS 0x00000000c2900000, 0x00000000c2900000| Untracked 
|  14|0x00000000c2a00000, 0x00000000c2a00000, 0x00000000c2b00000|  0%| F|  |TAMS 0x00000000c2a00000, 0x00000000c2a00000| Untracked 
|  15|0x00000000c2b00000, 0x00000000c2b00000, 0x00000000c2c00000|  0%| F|  |TAMS 0x00000000c2b00000, 0x00000000c2b00000| Untracked 
|  16|0x00000000c2c00000, 0x00000000c2c00000, 0x00000000c2d00000|  0%| F|  |TAMS 0x00000000c2c00000, 0x00000000c2c00000| Untracked 
|  17|0x00000000c2d00000, 0x00000000c2d00000, 0x00000000c2e00000|  0%| F|  |TAMS 0x00000000c2d00000, 0x00000000c2d00000| Untracked 
|  18|0x00000000c2e00000, 0x00000000c2e00000, 0x00000000c2f00000|  0%| F|  |TAMS 0x00000000c2e00000, 0x00000000c2e00000| Untracked 
|  19|0x00000000c2f00000, 0x00000000c2f00000, 0x00000000c3000000|  0%| F|  |TAMS 0x00000000c2f00000, 0x00000000c2f00000| Untracked 
|  20|0x00000000c3000000, 0x00000000c3000000, 0x00000000c3100000|  0%| F|  |TAMS 0x00000000c3000000, 0x00000000c3000000| Untracked 
|  21|0x00000000c3100000, 0x00000000c3100000, 0x00000000c3200000|  0%| F|  |TAMS 0x00000000c3100000, 0x00000000c3100000| Untracked 
|  22|0x00000000c3200000, 0x00000000c3200000, 0x00000000c3300000|  0%| F|  |TAMS 0x00000000c3200000, 0x00000000c3200000| Untracked 
|  23|0x00000000c3300000, 0x00000000c3300000, 0x00000000c3400000|  0%| F|  |TAMS 0x00000000c3300000, 0x00000000c3300000| Untracked 
|  24|0x00000000c3400000, 0x00000000c3400000, 0x00000000c3500000|  0%| F|  |TAMS 0x00000000c3400000, 0x00000000c3400000| Untracked 
|  25|0x00000000c3500000, 0x00000000c3500000, 0x00000000c3600000|  0%| F|  |TAMS 0x00000000c3500000, 0x00000000c3500000| Untracked 
|  26|0x00000000c3600000, 0x00000000c3600000, 0x00000000c3700000|  0%| F|  |TAMS 0x00000000c3600000, 0x00000000c3600000| Untracked 
|  27|0x00000000c3700000, 0x00000000c3700000, 0x00000000c3800000|  0%| F|  |TAMS 0x00000000c3700000, 0x00000000c3700000| Untracked 
|  28|0x00000000c3800000, 0x00000000c3800000, 0x00000000c3900000|  0%| F|  |TAMS 0x00000000c3800000, 0x00000000c3800000| Untracked 
|  29|0x00000000c3900000, 0x00000000c3900000, 0x00000000c3a00000|  0%| F|  |TAMS 0x00000000c3900000, 0x00000000c3900000| Untracked 
|  30|0x00000000c3a00000, 0x00000000c3a00000, 0x00000000c3b00000|  0%| F|  |TAMS 0x00000000c3a00000, 0x00000000c3a00000| Untracked 
|  31|0x00000000c3b00000, 0x00000000c3b00000, 0x00000000c3c00000|  0%| F|  |TAMS 0x00000000c3b00000, 0x00000000c3b00000| Untracked 
|  32|0x00000000c3c00000, 0x00000000c3c00000, 0x00000000c3d00000|  0%| F|  |TAMS 0x00000000c3c00000, 0x00000000c3c00000| Untracked 
|  33|0x00000000c3d00000, 0x00000000c3d00000, 0x00000000c3e00000|  0%| F|  |TAMS 0x00000000c3d00000, 0x00000000c3d00000| Untracked 
|  34|0x00000000c3e00000, 0x00000000c3e00000, 0x00000000c3f00000|  0%| F|  |TAMS 0x00000000c3e00000, 0x00000000c3e00000| Untracked 
|  35|0x00000000c3f00000, 0x00000000c3f00000, 0x00000000c4000000|  0%| F|  |TAMS 0x00000000c3f00000, 0x00000000c3f00000| Untracked 
|  36|0x00000000c4000000, 0x00000000c4000000, 0x00000000c4100000|  0%| F|  |TAMS 0x00000000c4000000, 0x00000000c4000000| Untracked 
|  37|0x00000000c4100000, 0x00000000c4100000, 0x00000000c4200000|  0%| F|  |TAMS 0x00000000c4100000, 0x00000000c4100000| Untracked 
|  38|0x00000000c4200000, 0x00000000c4200000, 0x00000000c4300000|  0%| F|  |TAMS 0x00000000c4200000, 0x00000000c4200000| Untracked 
|  39|0x00000000c4300000, 0x00000000c4300000, 0x00000000c4400000|  0%| F|  |TAMS 0x00000000c4300000, 0x00000000c4300000| Untracked 
|  40|0x00000000c4400000, 0x00000000c4400000, 0x00000000c4500000|  0%| F|  |TAMS 0x00000000c4400000, 0x00000000c4400000| Untracked 
|  41|0x00000000c4500000, 0x00000000c4500000, 0x00000000c4600000|  0%| F|  |TAMS 0x00000000c4500000, 0x00000000c4500000| Untracked 
|  42|0x00000000c4600000, 0x00000000c4600000, 0x00000000c4700000|  0%| F|  |TAMS 0x00000000c4600000, 0x00000000c4600000| Untracked 
|  43|0x00000000c4700000, 0x00000000c4700000, 0x00000000c4800000|  0%| F|  |TAMS 0x00000000c4700000, 0x00000000c4700000| Untracked 
|  44|0x00000000c4800000, 0x00000000c4800000, 0x00000000c4900000|  0%| F|  |TAMS 0x00000000c4800000, 0x00000000c4800000| Untracked 
|  45|0x00000000c4900000, 0x00000000c4900000, 0x00000000c4a00000|  0%| F|  |TAMS 0x00000000c4900000, 0x00000000c4900000| Untracked 
|  46|0x00000000c4a00000, 0x00000000c4a00000, 0x00000000c4b00000|  0%| F|  |TAMS 0x00000000c4a00000, 0x00000000c4a00000| Untracked 
|  47|0x00000000c4b00000, 0x00000000c4b00000, 0x00000000c4c00000|  0%| F|  |TAMS 0x00000000c4b00000, 0x00000000c4b00000| Untracked 
|  48|0x00000000c4c00000, 0x00000000c4c00000, 0x00000000c4d00000|  0%| F|  |TAMS 0x00000000c4c00000, 0x00000000c4c00000| Untracked 
|  49|0x00000000c4d00000, 0x00000000c4d00000, 0x00000000c4e00000|  0%| F|  |TAMS 0x00000000c4d00000, 0x00000000c4d00000| Untracked 
|  50|0x00000000c4e00000, 0x00000000c4e00000, 0x00000000c4f00000|  0%| F|  |TAMS 0x00000000c4e00000, 0x00000000c4e00000| Untracked 
|  51|0x00000000c4f00000, 0x00000000c4f00000, 0x00000000c5000000|  0%| F|  |TAMS 0x00000000c4f00000, 0x00000000c4f00000| Untracked 
|  52|0x00000000c5000000, 0x00000000c5000000, 0x00000000c5100000|  0%| F|  |TAMS 0x00000000c5000000, 0x00000000c5000000| Untracked 
|  53|0x00000000c5100000, 0x00000000c5100000, 0x00000000c5200000|  0%| F|  |TAMS 0x00000000c5100000, 0x00000000c5100000| Untracked 
|  54|0x00000000c5200000, 0x00000000c5200000, 0x00000000c5300000|  0%| F|  |TAMS 0x00000000c5200000, 0x00000000c5200000| Untracked 
|  55|0x00000000c5300000, 0x00000000c5300000, 0x00000000c5400000|  0%| F|  |TAMS 0x00000000c5300000, 0x00000000c5300000| Untracked 
|  56|0x00000000c5400000, 0x00000000c5400000, 0x00000000c5500000|  0%| F|  |TAMS 0x00000000c5400000, 0x00000000c5400000| Untracked 
|  57|0x00000000c5500000, 0x00000000c5500000, 0x00000000c5600000|  0%| F|  |TAMS 0x00000000c5500000, 0x00000000c5500000| Untracked 
|  58|0x00000000c5600000, 0x00000000c5600000, 0x00000000c5700000|  0%| F|  |TAMS 0x00000000c5600000, 0x00000000c5600000| Untracked 
|  59|0x00000000c5700000, 0x00000000c5700000, 0x00000000c5800000|  0%| F|  |TAMS 0x00000000c5700000, 0x00000000c5700000| Untracked 
|  60|0x00000000c5800000, 0x00000000c5800000, 0x00000000c5900000|  0%| F|  |TAMS 0x00000000c5800000, 0x00000000c5800000| Untracked 
|  61|0x00000000c5900000, 0x00000000c5900000, 0x00000000c5a00000|  0%| F|  |TAMS 0x00000000c5900000, 0x00000000c5900000| Untracked 
|  62|0x00000000c5a00000, 0x00000000c5a85b68, 0x00000000c5b00000| 52%| E|  |TAMS 0x00000000c5a00000, 0x00000000c5a00000| Complete 
|  63|0x00000000c5b00000, 0x00000000c5c00000, 0x00000000c5c00000|100%| E|CS|TAMS 0x00000000c5b00000, 0x00000000c5b00000| Complete 

Card table byte_map: [0x000001c0fbcc0000,0x000001c0fbec0000] _byte_map_base: 0x000001c0fb6b2000

Marking Bits (Prev, Next): (CMBitMap*) 0x000001c0f23e83a0, (CMBitMap*) 0x000001c0f23e83e0
 Prev Bits: [0x000001c0fc0c0000, 0x000001c0fd050000)
 Next Bits: [0x000001c0fd050000, 0x000001c0fdfe0000)

Polling page: 0x000001c0f2170000

Metaspace:

Usage:
  Non-class:    191.73 KB used.
      Class:      7.17 KB used.
       Both:    198.91 KB used.

Virtual space:
  Non-class space:       64.00 MB reserved,     192.00 KB ( <1%) committed,  1 nodes.
      Class space:        1.00 GB reserved,      64.00 KB ( <1%) committed,  1 nodes.
             Both:        1.06 GB reserved,     256.00 KB ( <1%) committed. 

Chunk freelists:
   Non-Class:  0 bytes
       Class:  3.75 MB
        Both:  3.75 MB

MaxMetaspaceSize: unlimited
CompressedClassSpaceSize: 1.00 GB
Initial GC threshold: 21.00 MB
Current GC threshold: 21.00 MB
CDS: on
MetaspaceReclaimPolicy: balanced
 - commit_granule_bytes: 65536.
 - commit_granule_words: 8192.
 - virtual_space_node_default_size: 8388608.
 - enlarge_chunks_in_place: 1.
 - new_chunks_are_fully_committed: 0.
 - uncommit_free_chunks: 1.
 - use_allocation_guard: 0.


Internal statistics:

num_allocs_failed_limit: 0.
num_arena_births: 2.
num_arena_deaths: 0.
num_vsnodes_births: 2.
num_vsnodes_deaths: 0.
num_space_committed: 4.
num_space_uncommitted: 0.
num_chunks_returned_to_freelist: 0.
num_chunks_taken_from_freelist: 3.
num_chunk_merges: 0.
num_chunk_splits: 1.
num_chunks_enlarged: 0.
num_inconsistent_stats: 0.

CodeHeap 'non-profiled nmethods': size=120000Kb used=21Kb max_used=21Kb free=119978Kb
 bounds [0x000001c087ad0000, 0x000001c087d40000, 0x000001c08f000000]
CodeHeap 'profiled nmethods': size=120000Kb used=177Kb max_used=177Kb free=119822Kb
 bounds [0x000001c0805a0000, 0x000001c080810000, 0x000001c087ad0000]
CodeHeap 'non-nmethods': size=5760Kb used=1134Kb max_used=1147Kb free=4625Kb
 bounds [0x000001c080000000, 0x000001c080270000, 0x000001c0805a0000]
 total_blobs=441 nmethods=124 adapters=231
 compilation: enabled
              stopped_count=0, restarted_count=0
 full_count=0

Compilation events (20 events):
Event: 72.423 Thread 0x000001c0fe571730 nmethod 114 0x000001c087ad5010 code [0x000001c087ad51a0, 0x000001c087ad5278]
Event: 72.423 Thread 0x000001c0fe571730  116       3       java.util.zip.ZipUtils::LG (22 bytes)
Event: 72.423 Thread 0x000001c0fe571730 nmethod 116 0x000001c0805c7710 code [0x000001c0805c78c0, 0x000001c0805c7b38]
Event: 72.423 Thread 0x000001c0fe571730  118       3       java.lang.CharacterDataLatin1::toLowerCase (39 bytes)
Event: 72.424 Thread 0x000001c0fe571730 nmethod 118 0x000001c0805c7c90 code [0x000001c0805c7e40, 0x000001c0805c8098]
Event: 72.424 Thread 0x000001c0fe571730  119       3       java.lang.CharacterDataLatin1::getProperties (11 bytes)
Event: 72.424 Thread 0x000001c0fe571730 nmethod 119 0x000001c0805c8190 code [0x000001c0805c8320, 0x000001c0805c8478]
Event: 72.424 Thread 0x000001c0fe571730  117       3       java.util.zip.ZipUtils::CENNAM (9 bytes)
Event: 72.424 Thread 0x000001c0fe56ea30 nmethod 115 0x000001c087ad5310 code [0x000001c087ad5480, 0x000001c087ad5538]
Event: 72.424 Thread 0x000001c0fe571730 nmethod 117 0x000001c0805c8590 code [0x000001c0805c8720, 0x000001c0805c88d8]
Event: 72.425 Thread 0x000001c0fe571730  120       3       java.util.Arrays::copyOfRange (64 bytes)
Event: 72.426 Thread 0x000001c0fe571730 nmethod 120 0x000001c0805c8a10 code [0x000001c0805c8c80, 0x000001c0805c95b8]
Event: 72.426 Thread 0x000001c0fe571730  122       3       sun.nio.fs.WindowsPathParser::isInvalidPathChar (22 bytes)
Event: 72.427 Thread 0x000001c0fe571730 nmethod 122 0x000001c0805c9990 code [0x000001c0805c9b60, 0x000001c0805c9ec8]
Event: 72.427 Thread 0x000001c0fe571730  121       3       java.io.WinNTFileSystem::prefixLength (91 bytes)
Event: 72.430 Thread 0x000001c0fe571730 nmethod 121 0x000001c0805ca010 code [0x000001c0805ca320, 0x000001c0805cb778]
Event: 72.430 Thread 0x000001c0fe571730  123       3       java.lang.Math::max (11 bytes)
Event: 72.430 Thread 0x000001c0fe571730 nmethod 123 0x000001c0805cbe10 code [0x000001c0805cbfa0, 0x000001c0805cc0d8]
Event: 72.430 Thread 0x000001c0fe571730  124       3       java.io.File::isInvalid (47 bytes)
Event: 72.431 Thread 0x000001c0fe571730 nmethod 124 0x000001c0805cc190 code [0x000001c0805cc340, 0x000001c0805cc608]

GC Heap History (0 events):
No events

Deoptimization events (4 events):
Event: 71.739 Thread 0x000001c0f23a2740 Uncommon trap: trap_request=0xffffff45 fr.pc=0x000001c087ad1938 relative=0x00000000000000b8
Event: 71.739 Thread 0x000001c0f23a2740 Uncommon trap: reason=unstable_if action=reinterpret pc=0x000001c087ad1938 method=java.lang.String.isLatin1()Z @ 10 c2
Event: 71.739 Thread 0x000001c0f23a2740 DEOPT PACKING pc=0x000001c087ad1938 sp=0x000000029bafedf0
Event: 71.739 Thread 0x000001c0f23a2740 DEOPT UNPACKING pc=0x000001c08005239e sp=0x000000029bafed40 mode 2

Classes loaded (5 events):
Event: 9.683 Loading class jdk/internal/vm/VMSupport
Event: 9.780 Loading class jdk/internal/vm/VMSupport done
Event: 71.740 Loading class jdk/internal/loader/URLClassPath$FileLoader
Event: 71.740 Loading class jdk/internal/loader/URLClassPath$FileLoader done
Event: 72.430 Loading class java/util/zip/DataFormatException

Classes unloaded (0 events):
No events

Classes redefined (0 events):
No events

Internal exceptions (1 events):
Event: 72.430 Thread 0x000001c0f23a2740 Exception <a 'java/lang/OutOfMemoryError'{0x00000000c5a24360}> (0x00000000c5a24360) 
thrown [s\open\src\hotspot\share\prims\jni.cpp, line 535]

VM Operations (10 events):
Event: 7.901 Executing VM operation: Cleanup
Event: 7.901 Executing VM operation: Cleanup done
Event: 9.919 Executing VM operation: Cleanup
Event: 9.919 Executing VM operation: Cleanup done
Event: 10.336 Executing VM operation: ChangeBreakpoints
Event: 10.343 Executing VM operation: ChangeBreakpoints done
Event: 11.573 Executing VM operation: ChangeBreakpoints
Event: 11.574 Executing VM operation: ChangeBreakpoints done
Event: 72.400 Executing VM operation: HandshakeAllThreads
Event: 72.400 Executing VM operation: HandshakeAllThreads done

Events (20 events):
Event: 2.756 Loaded shared library C:\Program Files\Java\jdk-18.0.2.1\bin\java.dll
Event: 5.876 Loaded shared library C:\Program Files\Java\jdk-18.0.2.1\bin\jsvml.dll
Event: 5.877 Thread 0x000001c0f23a2740 Thread added: 0x000001c0f23a2740
Event: 5.893 Thread 0x000001c0f24410c0 Thread added: 0x000001c0f24410c0
Event: 5.894 Thread 0x000001c0f2443500 Thread added: 0x000001c0f2443500
Event: 6.811 Thread 0x000001c0f2457ab0 Thread added: 0x000001c0f2457ab0
Event: 6.811 Thread 0x000001c0f2458360 Thread added: 0x000001c0f2458360
Event: 6.812 Thread 0x000001c0f24593b0 Thread added: 0x000001c0f24593b0
Event: 6.812 Thread 0x000001c0f245a540 Thread added: 0x000001c0f245a540
Event: 6.812 Thread 0x000001c0fe56ea30 Thread added: 0x000001c0fe56ea30
Event: 6.813 Thread 0x000001c0fe571730 Thread added: 0x000001c0fe571730
Event: 6.816 Thread 0x000001c0fe587360 Thread added: 0x000001c0fe587360
Event: 10.332 Thread 0x000001c0fe7ba160 Thread added: 0x000001c0fe7ba160
Event: 10.332 Thread 0x000001c0fe7c8630 Thread added: 0x000001c0fe7c8630
Event: 10.336 Thread 0x000001c0fe7c9f20 Thread added: 0x000001c0fe7c9f20
Event: 71.735 Thread 0x000001c0f219db70 Thread added: 0x000001c0f219db70
Event: 72.290 Thread 0x000001c0fe7c7530 Thread added: 0x000001c0fe7c7530
Event: 72.324 Loaded shared library C:\Program Files\Java\jdk-18.0.2.1\bin\net.dll
Event: 72.330 Loaded shared library C:\Program Files\Java\jdk-18.0.2.1\bin\nio.dll
Event: 72.398 Loaded shared library C:\Program Files\Java\jdk-18.0.2.1\bin\zip.dll


Dynamic libraries:
0x00007ff6d2770000 - 0x00007ff6d2780000 	C:\Program Files\Java\jdk-18.0.2.1\bin\javaw.exe
0x00007ffa5f130000 - 0x00007ffa5f328000 	C:\Windows\SYSTEM32\ntdll.dll
0x00007ffa5eaa0000 - 0x00007ffa5eb5f000 	C:\Windows\System32\KERNEL32.DLL
0x00007ffa5cc80000 - 0x00007ffa5cf52000 	C:\Windows\System32\KERNELBASE.dll
0x00007ffa5d080000 - 0x00007ffa5d180000 	C:\Windows\System32\ucrtbase.dll
0x00007ffa594c0000 - 0x00007ffa594da000 	C:\Program Files\Java\jdk-18.0.2.1\bin\VCRUNTIME140.dll
0x00007ffa58210000 - 0x00007ffa58228000 	C:\Program Files\Java\jdk-18.0.2.1\bin\jli.dll
0x00007ffa5d8a0000 - 0x00007ffa5d94e000 	C:\Windows\System32\ADVAPI32.dll
0x00007ffa5ebe0000 - 0x00007ffa5ec7e000 	C:\Windows\System32\msvcrt.dll
0x00007ffa5d590000 - 0x00007ffa5d62c000 	C:\Windows\System32\sechost.dll
0x00007ffa5e400000 - 0x00007ffa5e525000 	C:\Windows\System32\RPCRT4.dll
0x00007ffa5d2c0000 - 0x00007ffa5d45d000 	C:\Windows\System32\USER32.dll
0x00007ffa5d050000 - 0x00007ffa5d072000 	C:\Windows\System32\win32u.dll
0x00007ffa5e660000 - 0x00007ffa5e68b000 	C:\Windows\System32\GDI32.dll
0x00007ffa5ca20000 - 0x00007ffa5cb2f000 	C:\Windows\System32\gdi32full.dll
0x00007ffa5cfb0000 - 0x00007ffa5d04d000 	C:\Windows\System32\msvcp_win.dll
0x00007ffa4fa70000 - 0x00007ffa4fd0a000 	C:\Windows\WinSxS\amd64_microsoft.windows.common-controls_6595b64144ccf1df_6.0.19041.1110_none_60b5254171f9507e\COMCTL32.dll
0x00007ffa4c290000 - 0x00007ffa4c29a000 	C:\Windows\SYSTEM32\VERSION.dll
0x00007ffa5d7f0000 - 0x00007ffa5d822000 	C:\Windows\System32\IMM32.DLL
0x00007ffa58200000 - 0x00007ffa5820c000 	C:\Program Files\Java\jdk-18.0.2.1\bin\vcruntime140_1.dll
0x00007ffa529b0000 - 0x00007ffa52a3d000 	C:\Program Files\Java\jdk-18.0.2.1\bin\msvcp140.dll
0x00007ffa239c0000 - 0x00007ffa245d1000 	C:\Program Files\Java\jdk-18.0.2.1\bin\server\jvm.dll
0x00007ffa5d7e0000 - 0x00007ffa5d7e8000 	C:\Windows\System32\PSAPI.DLL
0x00007ffa558d0000 - 0x00007ffa558d9000 	C:\Windows\SYSTEM32\WSOCK32.dll
0x00007ffa5d830000 - 0x00007ffa5d89b000 	C:\Windows\System32\WS2_32.dll
0x00007ffa59fe0000 - 0x00007ffa5a007000 	C:\Windows\SYSTEM32\WINMM.dll
0x00007ffa5a6f0000 - 0x00007ffa5a702000 	C:\Windows\SYSTEM32\kernel.appcore.dll
0x00007ffa54c80000 - 0x00007ffa54c8a000 	C:\Program Files\Java\jdk-18.0.2.1\bin\jimage.dll
0x00007ffa4c680000 - 0x00007ffa4c864000 	C:\Windows\SYSTEM32\DBGHELP.DLL
0x00007ffa4c650000 - 0x00007ffa4c67c000 	C:\Windows\SYSTEM32\dbgcore.DLL
0x00007ffa5c990000 - 0x00007ffa5ca12000 	C:\Windows\System32\bcryptPrimitives.dll
0x00007ffa4feb0000 - 0x00007ffa4feeb000 	C:\Program Files\Java\jdk-18.0.2.1\bin\jdwp.dll
0x00007ffa52980000 - 0x00007ffa529a5000 	C:\Program Files\Java\jdk-18.0.2.1\bin\java.dll
0x00007ffa51270000 - 0x00007ffa51346000 	C:\Program Files\Java\jdk-18.0.2.1\bin\jsvml.dll
0x00007ffa5db90000 - 0x00007ffa5e2d3000 	C:\Windows\System32\SHELL32.dll
0x00007ffa5a8f0000 - 0x00007ffa5b082000 	C:\Windows\SYSTEM32\windows.storage.dll
0x00007ffa5e740000 - 0x00007ffa5ea94000 	C:\Windows\System32\combase.dll
0x00007ffa5c290000 - 0x00007ffa5c2c0000 	C:\Windows\SYSTEM32\Wldp.dll
0x00007ffa5e690000 - 0x00007ffa5e73d000 	C:\Windows\System32\SHCORE.dll
0x00007ffa5d780000 - 0x00007ffa5d7d5000 	C:\Windows\System32\shlwapi.dll
0x00007ffa5c770000 - 0x00007ffa5c78f000 	C:\Windows\SYSTEM32\profapi.dll
0x00007ffa58270000 - 0x00007ffa5827c000 	C:\Program Files\Java\jdk-18.0.2.1\bin\dt_socket.dll
0x00007ffa5bc90000 - 0x00007ffa5bccb000 	C:\Windows\SYSTEM32\IPHLPAPI.DLL
0x00007ffa5bff0000 - 0x00007ffa5c05a000 	C:\Windows\system32\mswsock.dll
0x00007ffa5bce0000 - 0x00007ffa5bdaa000 	C:\Windows\SYSTEM32\DNSAPI.dll
0x00007ffa5e530000 - 0x00007ffa5e538000 	C:\Windows\System32\NSI.dll
0x00007ffa54f00000 - 0x00007ffa54f0a000 	C:\Windows\System32\rasadhlp.dll
0x00007ffa4dfb0000 - 0x00007ffa4e030000 	C:\Windows\System32\fwpuclnt.dll
0x00007ffa5cba0000 - 0x00007ffa5cbc7000 	C:\Windows\System32\bcrypt.dll
0x00007ffa54230000 - 0x00007ffa54243000 	C:\Program Files\Java\jdk-18.0.2.1\bin\net.dll
0x00007ffa50da0000 - 0x00007ffa50eac000 	C:\Windows\SYSTEM32\WINHTTP.dll
0x00007ffa52960000 - 0x00007ffa52976000 	C:\Program Files\Java\jdk-18.0.2.1\bin\nio.dll
0x00007ffa52940000 - 0x00007ffa52958000 	C:\Program Files\Java\jdk-18.0.2.1\bin\zip.dll

dbghelp: loaded successfully - version: 4.0.5 - missing functions: none
symbol engine: initialized successfully - sym options: 0x614 - pdb path: .;C:\Program Files\Java\jdk-18.0.2.1\bin;C:\Windows\SYSTEM32;C:\Windows\WinSxS\amd64_microsoft.windows.common-controls_6595b64144ccf1df_6.0.19041.1110_none_60b5254171f9507e;C:\Program Files\Java\jdk-18.0.2.1\bin\server

VM Arguments:
jvm_args: -XX:+ShowCodeDetailsInExceptionMessages -agentlib:jdwp=transport=dt_socket,suspend=y,address=localhost:63688 -Dfile.encoding=UTF-8 
java_command: cucumber.api.cli.Main D:/Automationlearning/AutomationFramework/src/test/java/features/loginWithWrapper.feature --glue classpath: --plugin pretty --monochrome
java_class_path (initial): D:\Automationlearning\AutomationFramework\target\classes;D:\Automationlearning\AutomationFramework\target\test-classes;C:\Users\deepa\.m2\repository\org\seleniumhq\selenium\selenium-java\4.2.2\selenium-java-4.2.2.jar;C:\Users\deepa\.m2\repository\org\seleniumhq\selenium\selenium-api\4.2.2\selenium-api-4.2.2.jar;C:\Users\deepa\.m2\repository\org\seleniumhq\selenium\selenium-chrome-driver\4.2.2\selenium-chrome-driver-4.2.2.jar;C:\Users\deepa\.m2\repository\com\google\auto\service\auto-service-annotations\1.0.1\auto-service-annotations-1.0.1.jar;C:\Users\deepa\.m2\repository\com\google\auto\service\auto-service\1.0.1\auto-service-1.0.1.jar;C:\Users\deepa\.m2\repository\com\google\auto\auto-common\1.2\auto-common-1.2.jar;C:\Users\deepa\.m2\repository\com\google\guava\guava\31.1-jre\guava-31.1-jre.jar;C:\Users\deepa\.m2\repository\com\google\guava\failureaccess\1.0.1\failureaccess-1.0.1.jar;C:\Users\deepa\.m2\repository\com\google\guava\listenablefuture\9999.0-empty-to-avoid-conflict-with-guava\listenablefuture-9999.0-empty-to-avoid-conflict-with-guava.jar;C:\Users\deepa\.m2\repository\org\checkerframework\checker-qual\3.12.0\checker-qual-3.12.0.jar;C:\Users\deepa\.m2\repository\com\google\errorprone\error_prone_annotations\2.11.0\error_prone_annotations-2.11.0.jar;C:\Users\deepa\.m2\repository\com\google\j2objc\j2objc-annotations\1.3\j2objc-annotations-1.3.jar;C:\Users\deepa\.m2\repository\org\seleniumhq\selenium\selenium-chromium-driver\4.2.2\selenium-chromium-driver-4.2.2.jar;C:\Users\deepa\.m2\repository\org\seleniumhq\selenium\selenium-json\4.2.2\selenium-json-4.2.2.jar;C:\Users\deepa\.m2\repository\org\seleniumhq\selenium\selenium-devtools-v100\4.2.2\selenium-devtools-v100-4.2.2.jar;C:\Users\deepa\.m2\repository\org\seleniumhq\selenium\selenium-devtools-v101\4.2.2\selenium-devtools-v101-4.2.2.jar;C:\Users\deepa\.m2\repository\org\seleniumhq\selenium\selenium-devtools-v102\4.2.2\selenium-devtools-v102-4.2.2.jar;C:\Users\deepa\.m2\repository\org\seleniumhq\selenium\selenium-devtools-v85\4.2.2\selenium-devtools-v85-4.2.2.jar;C:\Users\deepa\.m2\repository\org\seleniumhq\selenium\selenium-edge-driver\4.2.2\selenium-edge-driver-4.2.2.jar;C:\Users\deepa\.m2\repository\org\seleniumhq\selenium\selenium-firefox-driver\4.2.2\selenium-firefox-driver-4.2.2.jar;C:\Users\deepa\.m2\repository\org\seleniumhq\selenium\selenium-ie-driver\4.2.2\selenium-ie-driver-4.2.2.jar;C:\Users\deepa\.m2\repository\org\seleniumhq\selenium\selenium-opera-driver\4.2.2\selenium-opera-driver-4.2.2.jar;C:\Users\deepa\.m2\repository\org\seleniumhq\selenium\selenium-remote-driver\4.2.2\selenium-remote-driver-4.2.2.jar;C:\Users\deepa\.m2\repository\io\netty\netty-buffer\4.1.77.Final\netty-buffer-4.1.77.Final.jar;C:\Users\deepa\.m2\repository\io\netty\netty-codec-http\4.1.77.Final\netty-codec-http-4.1.77.Final.jar;C:\Users\deepa\.m2\repository\io\netty\netty-codec\4.1.77.Final\netty-codec-4.1.77.Final.jar;C:\Users\deepa\.m2\repository\io\netty\netty-handler\4.1.77.Final\netty-handler-4.1.77.Final.jar;C:\Users\deepa\.m2\repository\io\netty\netty-common\4.1.77.Final\netty-common-4.1.77.Final.jar;C:\Users\deepa\.m2\repository\io\netty\netty-transport-classes-epoll\4.1.77.Final\netty-transport-classes-epoll-4.1.77.Final.jar;C:\Users\deepa\.m2\repository\io\netty\netty-transport-classes-kqueue\4.1.77.Final\netty-transport-classes-kqueue-4.1.77.Final.jar;C:\Users\deepa\.m2\repository\io\netty\netty-transport-native-epoll\4.1.77.Final\netty-transport-native-epoll-4.1.77.Final.jar;C:\Users\deepa\.m2\repository\io\netty\netty-transport-native-kqueue\4.1.77.Final\netty-transport-native-kqueue-4.1.77.Final.jar;C:\Users\deepa\.m2\repository\io\netty\netty-transport-native-unix-common\4.1.77.Final\netty-transport-native-unix-common-4.1.77.Final.jar;C:\Users\deepa\.m2\repository\io\netty\netty-transport\4.1.77.Final\netty-transport-4.1.77.Final.jar;C:\Users\deepa\.m2\repository\io\netty\netty-resolver\4.1.77.Final\netty-resolver-4.1.77.Final.jar;C:\Users\deepa\.m2\repository\io\opentelemetry\opentelemetry-api\1.14.0\opentelemetry-api-1.14.0.jar;C:\Users\deepa\.m2\repository\io\opentelemetry\opentelemetry-context\1.14.0\opentelemetry-context-1.14.0.jar;C:\Users\deepa\.m2\repository\io\opentelemetry\opentelemetry-exporter-logging\1.14.0\opentelemetry-exporter-logging-1.14.0.jar;C:\Users\deepa\.m2\repository\io\opentelemetry\opentelemetry-sdk-metrics\1.14.0\opentelemetry-sdk-metrics-1.14.0.jar;C:\Users\deepa\.m2\repository\io\opentelemetry\opentelemetry-sdk-logs\1.14.0-alpha\opentelemetry-sdk-logs-1.14.0-alpha.jar;C:\Users\deepa\.m2\repository\io\opentelemetry\opentelemetry-sdk-common\1.14.0\opentelemetry-sdk-common-1.14.0.jar;C:\Users\deepa\.m2\repository\io\opentelemetry\opentelemetry-sdk-extension-autoconfigure-spi\1.14.0\opentelemetry-sdk-extension-autoconfigure-spi-1.14.0.jar;C:\Users\deepa\.m2\repository\io\opentelemetry\opentelemetry-sdk-extension-autoconfigure\1.14.0-alpha\opentelemetry-sdk-extension-autoconfigure-1.14.0-alpha.jar;C:\Users\deepa\.m2\repository\io\opentelemetry\opentelemetry-sdk-trace\1.14.0\opentelemetry-sdk-trace-1.14.0.jar;C:\Users\deepa\.m2\repository\io\opentelemetry\opentelemetry-sdk\1.14.0\opentelemetry-sdk-1.14.0.jar;C:\Users\deepa\.m2\repository\io\opentelemetry\opentelemetry-semconv\1.14.0-alpha\opentelemetry-semconv-1.14.0-alpha.jar;C:\Users\deepa\.m2\repository\io\ous\jtoml\2.0.0\jtoml-2.0.0.jar;C:\Users\deepa\.m2\repository\net\bytebuddy\byte-buddy\1.12.10\byte-buddy-1.12.10.jar;C:\Users\deepa\.m2\repository\org\apache\commons\commons-exec\1.3\commons-exec-1.3.jar;C:\Users\deepa\.m2\repository\org\asynchttpclient\async-http-client\2.12.3\async-http-client-2.12.3.jar;C:\Users\deepa\.m2\repository\org\asynchttpclient\async-http-client-netty-utils\2.12.3\async-http-client-netty-utils-2.12.3.jar;C:\Users\deepa\.m2\repository\io\netty\netty-codec-socks\4.1.60.Final\netty-codec-socks-4.1.60.Final.jar;C:\Users\deepa\.m2\repository\io\netty\netty-handler-proxy\4.1.60.Final\netty-handler-proxy-4.1.60.Final.jar;C:\Users\deepa\.m2\repository\io\netty\netty-transport-native-epoll\4.1.60.Final\netty-transport-native-epoll-4.1.60.Final-linux-x86_64.jar;C:\Users\deepa\.m2\repository\io\netty\netty-transport-native-kqueue\4.1.60.Final\netty-transport-native-kqueue-4.1.60.Final-osx-x86_64.jar;C:\Users\deepa\.m2\repository\com\typesafe\netty\netty-reactive-streams\2.0.4\netty-reactive-streams-2.0.4.jar;C:\Users\deepa\.m2\repository\com\sun\activation\jakarta.activation\1.2.2\jakarta.activation-1.2.2.jar;C:\Users\deepa\.m2\repository\org\seleniumhq\selenium\selenium-http\4.2.2\selenium-http-4.2.2.jar;C:\Users\deepa\.m2\repository\dev\failsafe\failsafe\3.2.4\failsafe-3.2.4.jar;C:\Users\deepa\.m2\repository\org\seleniumhq\selenium\selenium-safari-driver\4.2.2\selenium-safari-driver-4.2.2.jar;C:\Users\deepa\.m2\repository\org\seleniumhq\selenium\selenium-support\4.2.2\selenium-support-4.2.2.jar;C:\Users\deepa\.m2\repository\org\testng\testng\7.5\testng-7.5.jar;C:\Users\deepa\.m2\repository\com\google\code\findbugs\jsr305\3.0.1\jsr305-3.0.1.jar;C:\Users\deepa\.m2\repository\org\slf4j\slf4j-api\1.7.32\slf4j-api-1.7.32.jar;C:\Users\deepa\.m2\repository\com\beust\jcommander\1.78\jcommander-1.78.jar;C:\Users\deepa\.m2\repository\org\webjars\jquery\3.5.1\jquery-3.5.1.jar;C:\Users\deepa\.m2\repository\io\github\bonigarcia\webdrivermanager\5.2.2\webdrivermanager-5.2.2.jar;C:\Users\deepa\.m2\repository\com\google\code\gson\gson\2.9.0\gson-2.9.0.jar;C:\Users\deepa\.m2\repository\com\github\docker-java\docker-java\3.2.13\docker-java-3.2.13.jar;C:\Users\deepa\.m2\repository\com\github\docker-java\docker-java-core\3.2.13\docker-java-core-3.2.13.jar;C:\Users\deepa\.m2\repository\com\github\docker-java\docker-java-api\3.2.13\docker-java-api-3.2.13.jar;C:\Users\deepa\.m2\repository\com\fasterxml\jackson\core\jackson-annotations\2.10.3\jackson-annotations-2.10.3.jar;C:\Users\deepa\.m2\repository\commons-io\commons-io\2.6\commons-io-2.6.jar;C:\Users\deepa\.m2\repository\com\fasterxml\jackson\core\jackson-databind\2.10.3\jackson-databind-2.10.3.jar;C:\Users\deepa\.m2\repository\com\fasterxml\jackson\core\jackson-core\2.10.3\jackson-core-2.10.3.jar;C:\Users\deepa\.m2\repository\org\bouncycastle\bcpkix-jdk15on\1.64\bcpkix-jdk15on-1.64.jar;C:\Users\deepa\.m2\repository\org\bouncycastle\bcprov-jdk15on\1.64\bcprov-jdk15on-1.64.jar;C:\Users\deepa\.m2\repository\org\slf4j\jcl-over-slf4j\1.7.30\jcl-over-slf4j-1.7.30.jar;C:\Users\deepa\.m2\repository\com\github\docker-java\docker-java-transport-httpclient5\3.2.13\docker-java-transport-httpclient5-3.2.13.jar;C:\Users\deepa\.m2\repository\com\github\docker-java\docker-java-transport\3.2.13\docker-java-transport-3.2.13.jar;C:\Users\deepa\.m2\repository\net\java\dev\jna\jna\5.8.0\jna-5.8.0.jar;C:\Users\deepa\.m2\repository\org\brotli\dec\0.1.2\dec-0.1.2.jar;C:\Users\deepa\.m2\repository\org\apache\commons\commons-lang3\3.12.0\commons-lang3-3.12.0.jar;C:\Users\deepa\.m2\repository\org\apache\httpcomponents\client5\httpclient5\5.1.3\httpclient5-5.1.3.jar;C:\Users\deepa\.m2\repository\org\apache\httpcomponents\core5\httpcore5\5.1.3\httpcore5-5.1.3.jar;C:\Users\deepa\.m2\repository\org\apache\httpcomponents\core5\httpcore5-h2\5.1.3\httpcore5-h2-5.1.3.jar;C:\Users\deepa\.m2\repository\org\apache\poi\poi\4.1.1\poi-4.1.1.jar;C:\Users\deepa\.m2\repository\commons-codec\commons-codec\1.13\commons-codec-1.13.jar;C:\Users\deepa\.m2\repository\org\apache\commons\commons-collections4\4.4\commons-collections4-4.4.jar;C:\Users\deepa\.m2\repository\org\apache\commons\commons-math3\3.6.1\commons-math3-3.6.1.jar;C:\Users\deepa\.m2\repository\org\apache\poi\poi-ooxml-schemas\4.1.1\poi-ooxml-schemas-4.1.1.jar;C:\Users\deepa\.m2\repository\org\apache\xmlbeans\xmlbeans\3.1.0\xmlbeans-3.1.0.jar;C:\Users\deepa\.m2\repository\org\apache\poi\poi-ooxml\4.1.1\poi-ooxml-4.1.1.jar;C:\Users\deepa\.m2\repository\org\apache\commons\commons-compress\1.19\commons-compress-1.19.jar;C:\Users\deepa\.m2\repository\com\github\virtuald\curvesapi\1.06\curvesapi-1.06.jar;C:\Users\deepa\.m2\repository\com\aventstack\extentreports\5.0.5\extentreports-5.0.5.jar;C:\Users\deepa\.m2\repository\io\reactivex\rxjava3\rxjava\3.0.4\rxjava-3.0.4.jar;C:\Users\deepa\.m2\repository\org\reactivestreams\reactive-streams\1.0.3\reactive-streams-1.0.3.jar;C:\Users\deepa\.m2\repository\org\freemarker\freemarker\2.3.30\freemarker-2.3.30.jar;C:\Users\deepa\.m2\repository\org\projectlombok\lombok\1.18.12\lombok-1.18.12.jar;C:\Users\deepa\.m2\repository\io\cucumber\cucumber-testng\6.10.2\cucumber-testng-6.10.2.jar;C:\Users\deepa\.m2\repository\org\apiguardian\apiguardian-api\1.1.1\apiguardian-api-1.1.1.jar;C:\Users\deepa\.m2\repository\io\cucumber\cucumber-core\6.10.2\cucumber-core-6.10.2.jar;C:\Users\deepa\.m2\repository\io\cucumber\cucumber-gherkin\6.10.2\cucumber-gherkin-6.10.2.jar;C:\Users\deepa\.m2\repository\io\cucumber\cucumber-gherkin-messages\6.10.2\cucumber-gherkin-messages-6.10.2.jar;C:\Users\deepa\.m2\repository\io\cucumber\messages\14.0.1\messages-14.0.1.jar;C:\Users\deepa\.m2\repository\io\cucumber\tag-expressions\3.0.0\tag-expressions-3.0.0.jar;C:\Users\deepa\.m2\repository\io\cucumber\cucumber-expressions\10.3.0\cucumber-expressions-10.3.0.jar;C:\Users\deepa\.m2\repository\io\cucumber\datatable\3.5.0\datatable-3.5.0.jar;C:\Users\deepa\.m2\repository\io\cucumber\cucumber-plugin\6.10.2\cucumber-plugin-6.10.2.jar;C:\Users\deepa\.m2\repository\io\cucumber\docstring\6.10.2\docstring-6.10.2.jar;C:\Users\deepa\.m2\repository\io\cucumber\html-formatter\12.0.0\html-formatter-12.0.0.jar;C:\Users\deepa\.m2\repository\io\cucumber\create-meta\3.0.0\create-meta-3.0.0.jar;C:\Users\deepa\.m2\repository\io\cucumber\cucumber-java\6.10.2\cucumber-java-6.10.2.jar;C:\Users\deepa\.m2\repository\io\cucumber\cucumber-picocontainer\6.10.2\cucumber-picocontainer-6.10.2.jar;C:\Users\deepa\.m2\repository\org\picocontainer\picocontainer\2.15\picocontainer-2.15.jar
Launcher Type: SUN_STANDARD

[Global flags]
     intx CICompilerCount                          = 3                                         {product} {ergonomic}
     uint ConcGCThreads                            = 1                                         {product} {ergonomic}
     uint G1ConcRefinementThreads                  = 4                                         {product} {ergonomic}
   size_t G1HeapRegionSize                         = 1048576                                   {product} {ergonomic}
    uintx GCDrainStackTargetSize                   = 64                                        {product} {ergonomic}
   size_t InitialHeapSize                          = 67108864                                  {product} {ergonomic}
   size_t MarkStackSize                            = 4194304                                   {product} {ergonomic}
   size_t MaxHeapSize                              = 1044381696                                {product} {ergonomic}
   size_t MaxNewSize                               = 625999872                                 {product} {ergonomic}
   size_t MinHeapDeltaBytes                        = 1048576                                   {product} {ergonomic}
   size_t MinHeapSize                              = 8388608                                   {product} {ergonomic}
    uintx NonNMethodCodeHeapSize                   = 5832780                                {pd product} {ergonomic}
    uintx NonProfiledCodeHeapSize                  = 122912730                              {pd product} {ergonomic}
    uintx ProfiledCodeHeapSize                     = 122912730                              {pd product} {ergonomic}
    uintx ReservedCodeCacheSize                    = 251658240                              {pd product} {ergonomic}
     bool SegmentedCodeCache                       = true                                      {product} {ergonomic}
     bool ShowCodeDetailsInExceptionMessages       = true                                   {manageable} {command line}
   size_t SoftMaxHeapSize                          = 1044381696                             {manageable} {ergonomic}
     bool UseCompressedClassPointers               = true                           {product lp64_product} {ergonomic}
     bool UseCompressedOops                        = true                           {product lp64_product} {ergonomic}
     bool UseG1GC                                  = true                                      {product} {ergonomic}
     bool UseLargePagesIndividualAllocation        = false                                  {pd product} {ergonomic}

Logging:
Log output configuration:
 #0: stdout all=warning uptime,level,tags foldmultilines=false
 #1: stderr all=off uptime,level,tags foldmultilines=false

Environment Variables:
PATH=C:\Program Files\Common Files\Oracle\Java\javapath;C:\Windows\system32;C:\Windows;C:\Windows\System32\Wbem;C:\Windows\System32\WindowsPowerShell\v1.0\;C:\Windows\System32\OpenSSH\;C:\opt\apache-maven-3.8.6\bin;C:\Users\deepa\AppData\Local\Microsoft\WindowsApps;
USERNAME=deepa
OS=Windows_NT
PROCESSOR_IDENTIFIER=Intel64 Family 6 Model 55 Stepping 8, GenuineIntel



---------------  S Y S T E M  ---------------

OS:
 Windows 10 , 64 bit Build 19041 (10.0.19041.2251)
OS uptime: 1 days 13:31 hours

CPU: total 4 (initial active 4) (4 cores per cpu, 1 threads per core) family 6 model 55 stepping 8 microcode 0x838, cx8, cmov, fxsr, mmx, 3dnowpref, sse, sse2, sse3, ssse3, sse4.1, sse4.2, popcnt, tsc, tscinvbit, erms, clmul, clflush

Memory: 4k page, system-wide physical 3982M (286M free)
TotalPageFile size 16270M (AvailPageFile size 33M)
current process WorkingSet (physical memory assigned to process): 29M, peak: 29M
current process commit charge ("private bytes"): 134M, peak: 134M

vm_info: Java HotSpot(TM) 64-Bit Server VM (18.0.2.1+1-1) for windows-amd64 JRE (18.0.2.1+1-1), built on Aug 16 2022 01:46:33 by "mach5one" with MS VC++ 16.8 / 16.9 (VS2019)

END.
