#
# There is insufficient memory for the Java Runtime Environment to continue.
# Native memory allocation (malloc) failed to allocate 91856 bytes for Chunk::new
# Possible reasons:
#   The system is out of physical RAM or swap space
#   The process is running with CompressedOops enabled, and the Java Heap may be blocking the growth of the native heap
# Possible solutions:
#   Reduce memory load on the system
#   Increase physical memory or swap space
#   Check if swap backing store is full
#   Decrease Java heap size (-Xmx/-Xms)
#   Decrease number of Java threads
#   Decrease Java thread stack sizes (-Xss)
#   Set larger code cache with -XX:ReservedCodeCacheSize=
#   JVM is running with Unscaled Compressed Oops mode in which the Java heap is
#     placed in the first 4GB address space. The Java Heap base address is the
#     maximum limit for the native heap growth. Please use -XX:HeapBaseMinAddress
#     to set the Java Heap base and to place the Java Heap above 4GB virtual address.
# This output file may be truncated or incomplete.
#
#  Out of Memory Error (arena.cpp:184), pid=6756, tid=22344
#
# JRE version: Java(TM) SE Runtime Environment (18.0.2.1+1) (build 18.0.2.1+1-1)
# Java VM: Java HotSpot(TM) 64-Bit Server VM (18.0.2.1+1-1, mixed mode, sharing, tiered, compressed oops, compressed class ptrs, g1 gc, windows-amd64)
# No core dump will be written. Minidumps are not enabled by default on client versions of Windows
#

---------------  S U M M A R Y ------------

Command Line: -XX:+ShowCodeDetailsInExceptionMessages -agentlib:jdwp=transport=dt_socket,suspend=y,address=localhost:63366 -Dfile.encoding=UTF-8 cucumber.api.cli.Main D:/Automationlearning/AutomationFramework/src/test/java/features/loginWithWrapper.feature --glue classpath: --plugin pretty --monochrome

Host: Intel(R) Pentium(R) CPU  A1020  @ 2.41GHz, 4 cores, 3G,  Windows 10 , 64 bit Build 19041 (10.0.19041.2251)
Time: Fri Nov 25 21:14:28 2022 India Standard Time elapsed time: 71.621628 seconds (0d 0h 1m 11s)

---------------  T H R E A D  ---------------

Current thread (0x000001d3feaedf60):  JavaThread "C2 CompilerThread0" daemon [_thread_in_native, id=22344, stack(0x0000008924400000,0x0000008924500000)]


Current CompileTask:
C2:  71621 1257       4       jdk.nio.zipfs.ZipFileSystem::makeParentDirs (141 bytes)

Stack: [0x0000008924400000,0x0000008924500000]
Native frames: (J=compiled Java code, j=interpreted, Vv=VM code, C=native code)
V  [jvm.dll+0x6993aa]
V  [jvm.dll+0x7f46dd]
V  [jvm.dll+0x7f5fee]
V  [jvm.dll+0x7f66a3]
V  [jvm.dll+0x25cf1f]
V  [jvm.dll+0xb8c2f]
V  [jvm.dll+0xb8fa5]
V  [jvm.dll+0x581fc0]
V  [jvm.dll+0x1d2d6d]
V  [jvm.dll+0x230259]
V  [jvm.dll+0x22f4d1]
V  [jvm.dll+0x1ba01c]
V  [jvm.dll+0x23ee0a]
V  [jvm.dll+0x23d0f5]
V  [jvm.dll+0x7a6dd1]
V  [jvm.dll+0x7a120a]
V  [jvm.dll+0x698255]
C  [ucrtbase.dll+0x21bb2]
C  [KERNEL32.DLL+0x174b4]
C  [ntdll.dll+0x526a1]


---------------  P R O C E S S  ---------------

Threads class SMR info:
_java_thread_list=0x000001d39cc6ab90, length=15, elements={
0x000001d3fc0c2ee0, 0x000001d3fc162340, 0x000001d3fc1630e0, 0x000001d3fc1773b0,
0x000001d3fc177870, 0x000001d3fc177d30, 0x000001d3fc1781f0, 0x000001d3feaedf60,
0x000001d3feb50aa0, 0x000001d3feb6b720, 0x000001d39cc773e0, 0x000001d39cc77e90,
0x000001d39cc7b690, 0x000001d39cc81300, 0x000001d39cc817c0
}

Java Threads: ( => current thread )
  0x000001d3fc0c2ee0 JavaThread "main" [_thread_blocked, id=8588, stack(0x0000008923700000,0x0000008923800000)]
  0x000001d3fc162340 JavaThread "Reference Handler" daemon [_thread_blocked, id=20384, stack(0x0000008923e00000,0x0000008923f00000)]
  0x000001d3fc1630e0 JavaThread "Finalizer" daemon [_thread_blocked, id=13148, stack(0x0000008923f00000,0x0000008924000000)]
  0x000001d3fc1773b0 JavaThread "Signal Dispatcher" daemon [_thread_blocked, id=21524, stack(0x0000008924000000,0x0000008924100000)]
  0x000001d3fc177870 JavaThread "Attach Listener" daemon [_thread_blocked, id=21064, stack(0x0000008924100000,0x0000008924200000)]
  0x000001d3fc177d30 JavaThread "Service Thread" daemon [_thread_blocked, id=27596, stack(0x0000008924200000,0x0000008924300000)]
  0x000001d3fc1781f0 JavaThread "Monitor Deflation Thread" daemon [_thread_blocked, id=13500, stack(0x0000008924300000,0x0000008924400000)]
=>0x000001d3feaedf60 JavaThread "C2 CompilerThread0" daemon [_thread_in_native, id=22344, stack(0x0000008924400000,0x0000008924500000)]
  0x000001d3feb50aa0 JavaThread "C1 CompilerThread0" daemon [_thread_blocked, id=21924, stack(0x0000008924500000,0x0000008924600000)]
  0x000001d3feb6b720 JavaThread "Sweeper thread" daemon [_thread_blocked, id=15964, stack(0x0000008924600000,0x0000008924700000)]
  0x000001d39cc773e0 JavaThread "JDWP Transport Listener: dt_socket" daemon [_thread_blocked, id=17980, stack(0x0000008924700000,0x0000008924800000)]
  0x000001d39cc77e90 JavaThread "JDWP Event Helper Thread" daemon [_thread_blocked, id=16636, stack(0x0000008924800000,0x0000008924900000)]
  0x000001d39cc7b690 JavaThread "JDWP Command Reader" daemon [_thread_in_native, id=2908, stack(0x0000008924900000,0x0000008924a00000)]
  0x000001d39cc81300 JavaThread "Notification Thread" daemon [_thread_blocked, id=8008, stack(0x0000008924c00000,0x0000008924d00000)]
  0x000001d39cc817c0 JavaThread "Common-Cleaner" daemon [_thread_blocked, id=7236, stack(0x0000008924e00000,0x0000008924f00000)]

Other Threads:
  0x000001d3fc15aa90 VMThread "VM Thread" [stack: 0x0000008923d00000,0x0000008923e00000] [id=13592]
  0x000001d39cc770e0 WatcherThread "VM Periodic Task Thread" [stack: 0x0000008924d00000,0x0000008924e00000] [id=25336]
  0x000001d3fc105610 WorkerThread "GC Thread#0" [stack: 0x0000008923800000,0x0000008923900000] [id=6084]
  0x000001d39d677840 WorkerThread "GC Thread#1" [stack: 0x0000008923600000,0x0000008923700000] [id=11064]
  0x000001d39d68e9b0 WorkerThread "GC Thread#2" [stack: 0x0000008924f00000,0x0000008925000000] [id=20600]
  0x000001d39d67feb0 WorkerThread "GC Thread#3" [stack: 0x0000008925000000,0x0000008925100000] [id=19292]
  0x000001d3fc10f0e0 ConcurrentGCThread "G1 Main Marker" [stack: 0x0000008923900000,0x0000008923a00000] [id=1936]
  0x000001d3fc1109f0 WorkerThread "G1 Conc#0" [stack: 0x0000008923a00000,0x0000008923b00000] [id=12516]
  0x000001d3fc13a3b0 ConcurrentGCThread "G1 Refine#0" [stack: 0x0000008923b00000,0x0000008923c00000] [id=14228]
  0x000001d39d684e40 ConcurrentGCThread "G1 Refine#1" [stack: 0x0000008925100000,0x0000008925200000] [id=19792]
  0x000001d3fc13c7f0 ConcurrentGCThread "G1 Service" [stack: 0x0000008923c00000,0x0000008923d00000] [id=1476]

Threads with active compile tasks:
C2 CompilerThread0    72278 1257       4       jdk.nio.zipfs.ZipFileSystem::makeParentDirs (141 bytes)

VM state: not at safepoint (normal execution)

VM Mutex/Monitor currently owned by a thread: None

Heap address: 0x00000000c1c00000, size: 996 MB, Compressed Oops mode: 32-bit

CDS archive(s) mapped at: [0x0000000800000000-0x0000000800ba0000-0x0000000800ba0000), size 12189696, SharedBaseAddress: 0x0000000800000000, ArchiveRelocationMode: 0.
Compressed class space mapped at: 0x0000000800c00000-0x0000000840c00000, reserved size: 1073741824
Narrow klass base: 0x0000000800000000, Narrow klass shift: 0, Narrow klass range: 0x100000000

GC Precious Log:
 CardTable entry size: 512
 Card Set container configuration: InlinePtr #cards 5 size 8 Array Of Cards #cards 12 size 40 Howl #buckets 4 coarsen threshold 1843 Howl Bitmap #cards 512 size 80 coarsen threshold 460 Card regions per heap region 1 cards per card region 2048
 CPUs: 4 total, 4 available
 Memory: 3982M
 Large Page Support: Disabled
 NUMA Support: Disabled
 Compressed Oops: Enabled (32-bit)
 Heap Region Size: 1M
 Heap Min Capacity: 8M
 Heap Initial Capacity: 64M
 Heap Max Capacity: 996M
 Pre-touch: Disabled
 Parallel Workers: 4
 Concurrent Workers: 1
 Concurrent Refinement Workers: 4
 Periodic GC: Disabled

Heap:
 garbage-first heap   total 65536K, used 17655K [0x00000000c1c00000, 0x0000000100000000)
  region size 1024K, 12 young (12288K), 1 survivors (1024K)
 Metaspace       used 6680K, committed 6976K, reserved 1114112K
  class space    used 681K, committed 832K, reserved 1048576K

Heap Regions: E=young(eden), S=young(survivor), O=old, HS=humongous(starts), HC=humongous(continues), CS=collection set, F=free, OA=open archive, CA=closed archive, TAMS=top-at-mark-start (previous, next)
|   0|0x00000000c1c00000, 0x00000000c1d00000, 0x00000000c1d00000|100%|HS|  |TAMS 0x00000000c1c00000, 0x00000000c1c00000| Complete 
|   1|0x00000000c1d00000, 0x00000000c1e00000, 0x00000000c1e00000|100%| O|  |TAMS 0x00000000c1d00000, 0x00000000c1d00000| Untracked 
|   2|0x00000000c1e00000, 0x00000000c1f00000, 0x00000000c1f00000|100%| O|  |TAMS 0x00000000c1e00000, 0x00000000c1e00000| Untracked 
|   3|0x00000000c1f00000, 0x00000000c2000000, 0x00000000c2000000|100%| O|  |TAMS 0x00000000c1f00000, 0x00000000c1f00000| Untracked 
|   4|0x00000000c2000000, 0x00000000c2100000, 0x00000000c2100000|100%| O|  |TAMS 0x00000000c2000000, 0x00000000c2000000| Untracked 
|   5|0x00000000c2100000, 0x00000000c2200000, 0x00000000c2200000|100%| O|  |TAMS 0x00000000c2100000, 0x00000000c2100000| Untracked 
|   6|0x00000000c2200000, 0x00000000c2300000, 0x00000000c2300000|100%| O|  |TAMS 0x00000000c2200000, 0x00000000c2200000| Untracked 
|   7|0x00000000c2300000, 0x00000000c23bd800, 0x00000000c2400000| 74%| O|  |TAMS 0x00000000c2300000, 0x00000000c2300000| Untracked 
|   8|0x00000000c2400000, 0x00000000c2400000, 0x00000000c2500000|  0%| F|  |TAMS 0x00000000c2400000, 0x00000000c2400000| Untracked 
|   9|0x00000000c2500000, 0x00000000c2500000, 0x00000000c2600000|  0%| F|  |TAMS 0x00000000c2500000, 0x00000000c2500000| Untracked 
|  10|0x00000000c2600000, 0x00000000c2600000, 0x00000000c2700000|  0%| F|  |TAMS 0x00000000c2600000, 0x00000000c2600000| Untracked 
|  11|0x00000000c2700000, 0x00000000c2700000, 0x00000000c2800000|  0%| F|  |TAMS 0x00000000c2700000, 0x00000000c2700000| Untracked 
|  12|0x00000000c2800000, 0x00000000c2800000, 0x00000000c2900000|  0%| F|  |TAMS 0x00000000c2800000, 0x00000000c2800000| Untracked 
|  13|0x00000000c2900000, 0x00000000c2900000, 0x00000000c2a00000|  0%| F|  |TAMS 0x00000000c2900000, 0x00000000c2900000| Untracked 
|  14|0x00000000c2a00000, 0x00000000c2a00000, 0x00000000c2b00000|  0%| F|  |TAMS 0x00000000c2a00000, 0x00000000c2a00000| Untracked 
|  15|0x00000000c2b00000, 0x00000000c2b00000, 0x00000000c2c00000|  0%| F|  |TAMS 0x00000000c2b00000, 0x00000000c2b00000| Untracked 
|  16|0x00000000c2c00000, 0x00000000c2c00000, 0x00000000c2d00000|  0%| F|  |TAMS 0x00000000c2c00000, 0x00000000c2c00000| Untracked 
|  17|0x00000000c2d00000, 0x00000000c2d00000, 0x00000000c2e00000|  0%| F|  |TAMS 0x00000000c2d00000, 0x00000000c2d00000| Untracked 
|  18|0x00000000c2e00000, 0x00000000c2e00000, 0x00000000c2f00000|  0%| F|  |TAMS 0x00000000c2e00000, 0x00000000c2e00000| Untracked 
|  19|0x00000000c2f00000, 0x00000000c2f00000, 0x00000000c3000000|  0%| F|  |TAMS 0x00000000c2f00000, 0x00000000c2f00000| Untracked 
|  20|0x00000000c3000000, 0x00000000c3000000, 0x00000000c3100000|  0%| F|  |TAMS 0x00000000c3000000, 0x00000000c3000000| Untracked 
|  21|0x00000000c3100000, 0x00000000c3100000, 0x00000000c3200000|  0%| F|  |TAMS 0x00000000c3100000, 0x00000000c3100000| Untracked 
|  22|0x00000000c3200000, 0x00000000c3200000, 0x00000000c3300000|  0%| F|  |TAMS 0x00000000c3200000, 0x00000000c3200000| Untracked 
|  23|0x00000000c3300000, 0x00000000c3300000, 0x00000000c3400000|  0%| F|  |TAMS 0x00000000c3300000, 0x00000000c3300000| Untracked 
|  24|0x00000000c3400000, 0x00000000c3400000, 0x00000000c3500000|  0%| F|  |TAMS 0x00000000c3400000, 0x00000000c3400000| Untracked 
|  25|0x00000000c3500000, 0x00000000c3500000, 0x00000000c3600000|  0%| F|  |TAMS 0x00000000c3500000, 0x00000000c3500000| Untracked 
|  26|0x00000000c3600000, 0x00000000c3600000, 0x00000000c3700000|  0%| F|  |TAMS 0x00000000c3600000, 0x00000000c3600000| Untracked 
|  27|0x00000000c3700000, 0x00000000c3700000, 0x00000000c3800000|  0%| F|  |TAMS 0x00000000c3700000, 0x00000000c3700000| Untracked 
|  28|0x00000000c3800000, 0x00000000c3800000, 0x00000000c3900000|  0%| F|  |TAMS 0x00000000c3800000, 0x00000000c3800000| Untracked 
|  29|0x00000000c3900000, 0x00000000c3900000, 0x00000000c3a00000|  0%| F|  |TAMS 0x00000000c3900000, 0x00000000c3900000| Untracked 
|  30|0x00000000c3a00000, 0x00000000c3a00000, 0x00000000c3b00000|  0%| F|  |TAMS 0x00000000c3a00000, 0x00000000c3a00000| Untracked 
|  31|0x00000000c3b00000, 0x00000000c3b00000, 0x00000000c3c00000|  0%| F|  |TAMS 0x00000000c3b00000, 0x00000000c3b00000| Untracked 
|  32|0x00000000c3c00000, 0x00000000c3c00000, 0x00000000c3d00000|  0%| F|  |TAMS 0x00000000c3c00000, 0x00000000c3c00000| Untracked 
|  33|0x00000000c3d00000, 0x00000000c3d00000, 0x00000000c3e00000|  0%| F|  |TAMS 0x00000000c3d00000, 0x00000000c3d00000| Untracked 
|  34|0x00000000c3e00000, 0x00000000c3e00000, 0x00000000c3f00000|  0%| F|  |TAMS 0x00000000c3e00000, 0x00000000c3e00000| Untracked 
|  35|0x00000000c3f00000, 0x00000000c3f00000, 0x00000000c4000000|  0%| F|  |TAMS 0x00000000c3f00000, 0x00000000c3f00000| Untracked 
|  36|0x00000000c4000000, 0x00000000c4000000, 0x00000000c4100000|  0%| F|  |TAMS 0x00000000c4000000, 0x00000000c4000000| Untracked 
|  37|0x00000000c4100000, 0x00000000c4100000, 0x00000000c4200000|  0%| F|  |TAMS 0x00000000c4100000, 0x00000000c4100000| Untracked 
|  38|0x00000000c4200000, 0x00000000c4200000, 0x00000000c4300000|  0%| F|  |TAMS 0x00000000c4200000, 0x00000000c4200000| Untracked 
|  39|0x00000000c4300000, 0x00000000c4300000, 0x00000000c4400000|  0%| F|  |TAMS 0x00000000c4300000, 0x00000000c4300000| Untracked 
|  40|0x00000000c4400000, 0x00000000c4400000, 0x00000000c4500000|  0%| F|  |TAMS 0x00000000c4400000, 0x00000000c4400000| Untracked 
|  41|0x00000000c4500000, 0x00000000c4500000, 0x00000000c4600000|  0%| F|  |TAMS 0x00000000c4500000, 0x00000000c4500000| Untracked 
|  42|0x00000000c4600000, 0x00000000c4600000, 0x00000000c4700000|  0%| F|  |TAMS 0x00000000c4600000, 0x00000000c4600000| Untracked 
|  43|0x00000000c4700000, 0x00000000c4700000, 0x00000000c4800000|  0%| F|  |TAMS 0x00000000c4700000, 0x00000000c4700000| Untracked 
|  44|0x00000000c4800000, 0x00000000c4800000, 0x00000000c4900000|  0%| F|  |TAMS 0x00000000c4800000, 0x00000000c4800000| Untracked 
|  45|0x00000000c4900000, 0x00000000c4900000, 0x00000000c4a00000|  0%| F|  |TAMS 0x00000000c4900000, 0x00000000c4900000| Untracked 
|  46|0x00000000c4a00000, 0x00000000c4a00000, 0x00000000c4b00000|  0%| F|  |TAMS 0x00000000c4a00000, 0x00000000c4a00000| Untracked 
|  47|0x00000000c4b00000, 0x00000000c4b00000, 0x00000000c4c00000|  0%| F|  |TAMS 0x00000000c4b00000, 0x00000000c4b00000| Untracked 
|  48|0x00000000c4c00000, 0x00000000c4c00000, 0x00000000c4d00000|  0%| F|  |TAMS 0x00000000c4c00000, 0x00000000c4c00000| Untracked 
|  49|0x00000000c4d00000, 0x00000000c4d00000, 0x00000000c4e00000|  0%| F|  |TAMS 0x00000000c4d00000, 0x00000000c4d00000| Untracked 
|  50|0x00000000c4e00000, 0x00000000c4e00000, 0x00000000c4f00000|  0%| F|  |TAMS 0x00000000c4e00000, 0x00000000c4e00000| Untracked 
|  51|0x00000000c4f00000, 0x00000000c4f00000, 0x00000000c5000000|  0%| F|  |TAMS 0x00000000c4f00000, 0x00000000c4f00000| Untracked 
|  52|0x00000000c5000000, 0x00000000c50601d0, 0x00000000c5100000| 37%| E|  |TAMS 0x00000000c5000000, 0x00000000c5000000| Complete 
|  53|0x00000000c5100000, 0x00000000c51e6f30, 0x00000000c5200000| 90%| E|  |TAMS 0x00000000c5100000, 0x00000000c5100000| Complete 
|  54|0x00000000c5200000, 0x00000000c5300000, 0x00000000c5300000|100%| E|CS|TAMS 0x00000000c5200000, 0x00000000c5200000| Complete 
|  55|0x00000000c5300000, 0x00000000c5380728, 0x00000000c5400000| 50%| S|CS|TAMS 0x00000000c5300000, 0x00000000c5300000| Complete 
|  56|0x00000000c5400000, 0x00000000c5500000, 0x00000000c5500000|100%| E|CS|TAMS 0x00000000c5400000, 0x00000000c5400000| Complete 
|  57|0x00000000c5500000, 0x00000000c5600000, 0x00000000c5600000|100%| E|CS|TAMS 0x00000000c5500000, 0x00000000c5500000| Complete 
|  58|0x00000000c5600000, 0x00000000c5700000, 0x00000000c5700000|100%| E|CS|TAMS 0x00000000c5600000, 0x00000000c5600000| Complete 
|  59|0x00000000c5700000, 0x00000000c5800000, 0x00000000c5800000|100%| E|CS|TAMS 0x00000000c5700000, 0x00000000c5700000| Complete 
|  60|0x00000000c5800000, 0x00000000c5900000, 0x00000000c5900000|100%| E|CS|TAMS 0x00000000c5800000, 0x00000000c5800000| Complete 
|  61|0x00000000c5900000, 0x00000000c5a00000, 0x00000000c5a00000|100%| E|CS|TAMS 0x00000000c5900000, 0x00000000c5900000| Complete 
|  62|0x00000000c5a00000, 0x00000000c5b00000, 0x00000000c5b00000|100%| E|CS|TAMS 0x00000000c5a00000, 0x00000000c5a00000| Complete 
|  63|0x00000000c5b00000, 0x00000000c5c00000, 0x00000000c5c00000|100%| E|CS|TAMS 0x00000000c5b00000, 0x00000000c5b00000| Complete 

Card table byte_map: [0x000001d3fc380000,0x000001d3fc580000] _byte_map_base: 0x000001d3fbd72000

Marking Bits (Prev, Next): (CMBitMap*) 0x000001d3fc106b30, (CMBitMap*) 0x000001d3fc106b70
 Prev Bits: [0x000001d3fc780000, 0x000001d3fd710000)
 Next Bits: [0x000001d3fd710000, 0x000001d3fe6a0000)

Polling page: 0x000001d3f9fa0000

Metaspace:

Usage:
  Non-class:      5.86 MB used.
      Class:    681.09 KB used.
       Both:      6.52 MB used.

Virtual space:
  Non-class space:       64.00 MB reserved,       6.00 MB (  9%) committed,  1 nodes.
      Class space:        1.00 GB reserved,     832.00 KB ( <1%) committed,  1 nodes.
             Both:        1.06 GB reserved,       6.81 MB ( <1%) committed. 

Chunk freelists:
   Non-Class:  688.00 KB
       Class:  3.05 MB
        Both:  3.72 MB

MaxMetaspaceSize: unlimited
CompressedClassSpaceSize: 1.00 GB
Initial GC threshold: 21.00 MB
Current GC threshold: 21.00 MB
CDS: on
MetaspaceReclaimPolicy: balanced
 - commit_granule_bytes: 65536.
 - commit_granule_words: 8192.
 - virtual_space_node_default_size: 8388608.
 - enlarge_chunks_in_place: 1.
 - new_chunks_are_fully_committed: 0.
 - uncommit_free_chunks: 1.
 - use_allocation_guard: 0.


Internal statistics:

num_allocs_failed_limit: 0.
num_arena_births: 86.
num_arena_deaths: 0.
num_vsnodes_births: 2.
num_vsnodes_deaths: 0.
num_space_committed: 109.
num_space_uncommitted: 0.
num_chunks_returned_to_freelist: 0.
num_chunks_taken_from_freelist: 260.
num_chunk_merges: 0.
num_chunk_splits: 177.
num_chunks_enlarged: 142.
num_inconsistent_stats: 0.

CodeHeap 'non-profiled nmethods': size=120000Kb used=461Kb max_used=461Kb free=119538Kb
 bounds [0x000001d38f340000, 0x000001d38f5b0000, 0x000001d396870000]
CodeHeap 'profiled nmethods': size=120000Kb used=2400Kb max_used=2400Kb free=117599Kb
 bounds [0x000001d387e10000, 0x000001d388080000, 0x000001d38f340000]
CodeHeap 'non-nmethods': size=5760Kb used=1227Kb max_used=1246Kb free=4532Kb
 bounds [0x000001d387870000, 0x000001d387ae0000, 0x000001d387e10000]
 total_blobs=1705 nmethods=1265 adapters=354
 compilation: enabled
              stopped_count=0, restarted_count=0
 full_count=0

Compilation events (20 events):
Event: 71.420 Thread 0x000001d3feb50aa0 1259       3       java.net.URI$Parser::at (23 bytes)
Event: 71.422 Thread 0x000001d3feb50aa0 nmethod 1259 0x000001d388064390 code [0x000001d388064580, 0x000001d388064bd8]
Event: 71.435 Thread 0x000001d3feb50aa0 1261       3       java.time.temporal.ValueRange::isValidValue (24 bytes)
Event: 71.436 Thread 0x000001d3feb50aa0 nmethod 1261 0x000001d388064e90 code [0x000001d388065020, 0x000001d3880651f8]
Event: 71.450 Thread 0x000001d3feb50aa0 1263       3       java.lang.invoke.DirectMethodHandle$Holder::newInvokeSpecial (21 bytes)
Event: 71.451 Thread 0x000001d3feb50aa0 nmethod 1263 0x000001d388065290 code [0x000001d388065480, 0x000001d388065c28]
Event: 71.451 Thread 0x000001d3feb50aa0 1264       3       java.time.temporal.ChronoField::checkValidValue (10 bytes)
Event: 71.452 Thread 0x000001d3feb50aa0 nmethod 1264 0x000001d388065e10 code [0x000001d388065fc0, 0x000001d388066128]
Event: 71.452 Thread 0x000001d3feb50aa0 1265       3       java.time.temporal.ValueRange::checkValidValue (24 bytes)
Event: 71.453 Thread 0x000001d3feb50aa0 nmethod 1265 0x000001d388066210 code [0x000001d3880663e0, 0x000001d388066798]
Event: 71.470 Thread 0x000001d3feb50aa0 1266       3       jdk.nio.zipfs.ZipConstants::LG (22 bytes)
Event: 71.471 Thread 0x000001d3feb50aa0 nmethod 1266 0x000001d388066910 code [0x000001d388066ae0, 0x000001d388066ed8]
Event: 71.485 Thread 0x000001d3feb50aa0 1267       1       java.nio.HeapByteBuffer::isReadOnly (2 bytes)
Event: 71.486 Thread 0x000001d3feb50aa0 nmethod 1267 0x000001d38f3b3210 code [0x000001d38f3b33a0, 0x000001d38f3b3478]
Event: 71.549 Thread 0x000001d3feb50aa0 1269       3       java.lang.Class::getComponentType (14 bytes)
Event: 71.549 Thread 0x000001d3feb50aa0 nmethod 1269 0x000001d388067110 code [0x000001d3880672c0, 0x000001d388067488]
Event: 71.551 Thread 0x000001d3feb50aa0 1270       3       java.io.FileDescriptor::valid (25 bytes)
Event: 71.551 Thread 0x000001d3feb50aa0 nmethod 1270 0x000001d388067510 code [0x000001d3880676a0, 0x000001d388067858]
Event: 71.558 Thread 0x000001d3feb50aa0 1271       3       sun.nio.fs.WindowsPath::toWindowsPath (32 bytes)
Event: 71.559 Thread 0x000001d3feb50aa0 nmethod 1271 0x000001d388067910 code [0x000001d388067b00, 0x000001d388068018]

GC Heap History (4 events):
Event: 61.714 GC heap before
{Heap before GC invocations=0 (full 0):
 garbage-first heap   total 65536K, used 13312K [0x00000000c1c00000, 0x0000000100000000)
  region size 1024K, 13 young (13312K), 0 survivors (0K)
 Metaspace       used 1845K, committed 2048K, reserved 1114112K
  class space    used 176K, committed 256K, reserved 1048576K
}
Event: 61.810 GC heap after
{Heap after GC invocations=1 (full 0):
 garbage-first heap   total 65536K, used 8256K [0x00000000c1c00000, 0x0000000100000000)
  region size 1024K, 2 young (2048K), 2 survivors (2048K)
 Metaspace       used 1845K, committed 2048K, reserved 1114112K
  class space    used 176K, committed 256K, reserved 1048576K
}
Event: 65.063 GC heap before
{Heap before GC invocations=1 (full 0):
 garbage-first heap   total 65536K, used 15424K [0x00000000c1c00000, 0x0000000100000000)
  region size 1024K, 10 young (10240K), 2 survivors (2048K)
 Metaspace       used 4057K, committed 4224K, reserved 1114112K
  class space    used 406K, committed 512K, reserved 1048576K
}
Event: 65.071 GC heap after
{Heap after GC invocations=2 (full 0):
 garbage-first heap   total 65536K, used 8439K [0x00000000c1c00000, 0x0000000100000000)
  region size 1024K, 1 young (1024K), 1 survivors (1024K)
 Metaspace       used 4057K, committed 4224K, reserved 1114112K
  class space    used 406K, committed 512K, reserved 1048576K
}

Deoptimization events (20 events):
Event: 71.012 Thread 0x000001d3fc0c2ee0 DEOPT PACKING pc=0x000001d38804ee6b sp=0x00000089237fd250
Event: 71.012 Thread 0x000001d3fc0c2ee0 DEOPT UNPACKING pc=0x000001d3878c2b25 sp=0x00000089237fc718 mode 0
Event: 71.012 Thread 0x000001d3fc0c2ee0 DEOPT PACKING pc=0x000001d38804de7f sp=0x00000089237fd1c0
Event: 71.012 Thread 0x000001d3fc0c2ee0 DEOPT UNPACKING pc=0x000001d3878c2b25 sp=0x00000089237fc658 mode 0
Event: 71.013 Thread 0x000001d3fc0c2ee0 DEOPT PACKING pc=0x000001d38804ee6b sp=0x00000089237fd250
Event: 71.013 Thread 0x000001d3fc0c2ee0 DEOPT UNPACKING pc=0x000001d3878c2b25 sp=0x00000089237fc718 mode 0
Event: 71.013 Thread 0x000001d3fc0c2ee0 DEOPT PACKING pc=0x000001d38804de7f sp=0x00000089237fd1c0
Event: 71.013 Thread 0x000001d3fc0c2ee0 DEOPT UNPACKING pc=0x000001d3878c2b25 sp=0x00000089237fc658 mode 0
Event: 71.014 Thread 0x000001d3fc0c2ee0 DEOPT PACKING pc=0x000001d38804ee6b sp=0x00000089237fd250
Event: 71.014 Thread 0x000001d3fc0c2ee0 DEOPT UNPACKING pc=0x000001d3878c2b25 sp=0x00000089237fc718 mode 0
Event: 71.120 Thread 0x000001d3fc0c2ee0 DEOPT PACKING pc=0x000001d38804e6a1 sp=0x00000089237fd290
Event: 71.120 Thread 0x000001d3fc0c2ee0 DEOPT UNPACKING pc=0x000001d3878c2b25 sp=0x00000089237fc720 mode 0
Event: 71.357 Thread 0x000001d3fc0c2ee0 Uncommon trap: trap_request=0xffffff45 fr.pc=0x000001d38f3aea40 relative=0x0000000000000220
Event: 71.357 Thread 0x000001d3fc0c2ee0 Uncommon trap: reason=unstable_if action=reinterpret pc=0x000001d38f3aea40 method=jdk.internal.util.ArraysSupport.mismatch([BI[BII)I @ 7 c2
Event: 71.357 Thread 0x000001d3fc0c2ee0 DEOPT PACKING pc=0x000001d38f3aea40 sp=0x00000089237fd070
Event: 71.357 Thread 0x000001d3fc0c2ee0 DEOPT UNPACKING pc=0x000001d3878c239e sp=0x00000089237fcf10 mode 2
Event: 71.357 Thread 0x000001d3fc0c2ee0 Uncommon trap: trap_request=0xffffff45 fr.pc=0x000001d38f3adcac relative=0x000000000000028c
Event: 71.357 Thread 0x000001d3fc0c2ee0 Uncommon trap: reason=unstable_if action=reinterpret pc=0x000001d38f3adcac method=jdk.internal.util.ArraysSupport.mismatch([BI[BII)I @ 7 c2
Event: 71.357 Thread 0x000001d3fc0c2ee0 DEOPT PACKING pc=0x000001d38f3adcac sp=0x00000089237fcfb0
Event: 71.357 Thread 0x000001d3fc0c2ee0 DEOPT UNPACKING pc=0x000001d3878c239e sp=0x00000089237fcf00 mode 2

Classes loaded (20 events):
Event: 70.764 Loading class java/nio/channels/spi/AbstractInterruptibleChannel$1
Event: 70.764 Loading class sun/nio/ch/Interruptible
Event: 70.765 Loading class sun/nio/ch/Interruptible done
Event: 70.765 Loading class java/nio/channels/spi/AbstractInterruptibleChannel$1 done
Event: 70.773 Loading class java/util/LinkedHashMap$LinkedValues
Event: 70.773 Loading class java/util/LinkedHashMap$LinkedValues done
Event: 70.788 Loading class java/time/DateTimeException
Event: 70.788 Loading class java/time/DateTimeException done
Event: 70.789 Loading class java/util/regex/PatternSyntaxException
Event: 70.789 Loading class java/util/regex/PatternSyntaxException done
Event: 70.790 Loading class java/util/concurrent/TimeUnit$1
Event: 70.790 Loading class java/util/concurrent/TimeUnit$1 done
Event: 70.792 Loading class java/nio/file/ClosedDirectoryStreamException
Event: 70.792 Loading class java/nio/file/ClosedDirectoryStreamException done
Event: 70.792 Loading class java/nio/file/DirectoryIteratorException
Event: 70.792 Loading class java/util/ConcurrentModificationException
Event: 70.792 Loading class java/util/ConcurrentModificationException done
Event: 70.792 Loading class java/nio/file/DirectoryIteratorException done
Event: 70.793 Loading class java/util/NoSuchElementException
Event: 70.793 Loading class java/util/NoSuchElementException done

Classes unloaded (0 events):
No events

Classes redefined (0 events):
No events

Internal exceptions (20 events):
Event: 60.425 Thread 0x000001d3fc0c2ee0 Exception <a 'java/lang/NoSuchMethodError'{0x00000000c51bede8}: 'void java.lang.invoke.DirectMethodHandle$Holder.invokeStatic(java.lang.Object, java.lang.Object)'> (0x00000000c51bede8) 
thrown [s\open\src\hotspot\share\interpreter\linkResolver.cpp, line 759]
Event: 60.779 Thread 0x000001d3fc0c2ee0 Exception <a 'java/lang/NoSuchMethodError'{0x00000000c5068030}: 'java.lang.Object java.lang.invoke.DirectMethodHandle$Holder.invokeInterface(java.lang.Object, java.lang.Object)'> (0x00000000c5068030) 
thrown [s\open\src\hotspot\share\interpreter\linkResolver.cpp, line 759]
Event: 60.789 Thread 0x000001d3fc0c2ee0 Exception <a 'java/lang/NoSuchMethodError'{0x00000000c50729c8}: 'java.lang.Object java.lang.invoke.Invokers$Holder.invokeExact_MT(java.lang.Object, java.lang.Object, java.lang.Object, java.lang.Object, java.lang.Object, java.lang.Object)'> (0x00000000c50729c8) 
thrown [s\open\src\hotspot\share\interpreter\linkResolver.cpp, line 759]
Event: 60.883 Thread 0x000001d3fc0c2ee0 Exception <a 'java/lang/NoSuchMethodError'{0x00000000c508ab98}: 'int java.lang.invoke.DirectMethodHandle$Holder.invokeInterface(java.lang.Object, java.lang.Object)'> (0x00000000c508ab98) 
thrown [s\open\src\hotspot\share\interpreter\linkResolver.cpp, line 759]
Event: 60.908 Thread 0x000001d3fc0c2ee0 Exception <a 'java/lang/NoSuchMethodError'{0x00000000c50b1b20}: 'void java.lang.invoke.DirectMethodHandle$Holder.invokeStatic(java.lang.Object, java.lang.Object, java.lang.Object, java.lang.Object)'> (0x00000000c50b1b20) 
thrown [s\open\src\hotspot\share\interpreter\linkResolver.cpp, line 759]
Event: 60.984 Thread 0x000001d3fc0c2ee0 Exception <a 'java/lang/NoSuchMethodError'{0x00000000c50d12b8}: 'java.lang.Object java.lang.invoke.DirectMethodHandle$Holder.invokeStaticInit(java.lang.Object)'> (0x00000000c50d12b8) 
thrown [s\open\src\hotspot\share\interpreter\linkResolver.cpp, line 759]
Event: 62.091 Thread 0x000001d3fc0c2ee0 Exception <a 'java/lang/NoSuchMethodError'{0x00000000c5bc9900}: 'void java.lang.invoke.DirectMethodHandle$Holder.invokeSpecial(java.lang.Object, java.lang.Object, java.lang.Object)'> (0x00000000c5bc9900) 
thrown [s\open\src\hotspot\share\interpreter\linkResolver.cpp, line 759]
Event: 62.639 Thread 0x000001d3fc0c2ee0 Exception <a 'java/lang/NoSuchMethodError'{0x00000000c5af99c0}: 'void java.lang.invoke.DirectMethodHandle$Holder.invokeStatic(java.lang.Object, java.lang.Object, java.lang.Object)'> (0x00000000c5af99c0) 
thrown [s\open\src\hotspot\share\interpreter\linkResolver.cpp, line 759]
Event: 64.153 Thread 0x000001d3fc0c2ee0 Exception <a 'java/lang/NoSuchMethodError'{0x00000000c55246e8}: 'java.lang.Object java.lang.invoke.DirectMethodHandle$Holder.newInvokeSpecial(java.lang.Object, java.lang.Object, java.lang.Object, java.lang.Object, java.lang.Object, java.lang.Object)'> (0x00000000c55246e8) 
thrown [s\open\src\hotspot\share\interpreter\linkResolver.cpp, line 759]
Event: 64.204 Thread 0x000001d3fc0c2ee0 Exception <a 'java/lang/NoSuchMethodError'{0x00000000c5532ab8}: 'void java.lang.invoke.DirectMethodHandle$Holder.invokeStaticInit(java.lang.Object)'> (0x00000000c5532ab8) 
thrown [s\open\src\hotspot\share\interpreter\linkResolver.cpp, line 759]
Event: 64.372 Thread 0x000001d3fc0c2ee0 Exception <a 'java/lang/NoSuchMethodError'{0x00000000c554a148}: 'java.lang.Object java.lang.invoke.DirectMethodHandle$Holder.newInvokeSpecial(java.lang.Object, java.lang.Object, java.lang.Object, java.lang.Object, java.lang.Object, java.lang.Object, java.lang.Object)'> (0x00000000c554a148) 
thrown [s\open\src\hotspot\share\interpreter\linkResolver.cpp, line 759]
Event: 64.378 Thread 0x000001d3fc0c2ee0 Exception <a 'java/lang/NoSuchMethodError'{0x00000000c554e980}: 'java.lang.Object java.lang.invoke.Invokers$Holder.linkToTargetMethod(java.lang.Object, java.lang.Object, java.lang.Object, java.lang.Object, java.lang.Object, java.lang.Object, java.lang.Object)'> (0x00000000c554e980) 
thrown [s\open\src\hotspot\share\interpreter\linkResolver.cpp, line 759]
Event: 64.548 Thread 0x000001d3fc0c2ee0 Exception <a 'java/lang/NoSuchMethodError'{0x00000000c55563e0}: 'java.lang.Object java.lang.invoke.DirectMethodHandle$Holder.invokeSpecialIFC(java.lang.Object, java.lang.Object, java.lang.Object, java.lang.Object, java.lang.Object)'> (0x00000000c55563e0) 
thrown [s\open\src\hotspot\share\interpreter\linkResolver.cpp, line 759]
Event: 67.649 Thread 0x000001d3fc0c2ee0 Exception <a 'java/lang/NoSuchMethodError'{0x00000000c5a558c0}: 'java.lang.Object java.lang.invoke.DirectMethodHandle$Holder.invokeStaticInit(java.lang.Object, int, int, int, int)'> (0x00000000c5a558c0) 
thrown [s\open\src\hotspot\share\interpreter\linkResolver.cpp, line 759]
Event: 70.065 Thread 0x000001d3fc0c2ee0 Exception <a 'java/lang/NoSuchMethodError'{0x00000000c5929138}: 'java.lang.Object java.lang.invoke.DirectMethodHandle$Holder.invokeStaticInit(java.lang.Object, java.lang.Object, int, int, int, int)'> (0x00000000c5929138) 
thrown [s\open\src\hotspot\share\interpreter\linkResolver.cpp, line 759]
Event: 70.365 Thread 0x000001d3fc0c2ee0 Exception <a 'java/lang/NoSuchMethodError'{0x00000000c5664f88}: 'int java.lang.invoke.DirectMethodHandle$Holder.invokeSpecial(java.lang.Object, java.lang.Object, java.lang.Object)'> (0x00000000c5664f88) 
thrown [s\open\src\hotspot\share\interpreter\linkResolver.cpp, line 759]
Event: 70.447 Thread 0x000001d3fc0c2ee0 Exception <a 'java/lang/IncompatibleClassChangeError'{0x00000000c5515828}: Found class java.lang.Object, but interface was expected> (0x00000000c5515828) 
thrown [s\open\src\hotspot\share\interpreter\linkResolver.cpp, line 826]
Event: 70.469 Thread 0x000001d3fc0c2ee0 Exception <a 'java/lang/NoSuchMethodError'{0x00000000c553eed8}: 'java.lang.Object java.lang.invoke.DirectMethodHandle$Holder.newInvokeSpecial(java.lang.Object, java.lang.Object, java.lang.Object, java.lang.Object, java.lang.Object)'> (0x00000000c553eed8) 
thrown [s\open\src\hotspot\share\interpreter\linkResolver.cpp, line 759]
Event: 70.482 Thread 0x000001d3fc0c2ee0 Exception <a 'sun/nio/fs/WindowsException'{0x00000000c5543248}> (0x00000000c5543248) 
thrown [s\open\src\hotspot\share\prims\jni.cpp, line 516]
Event: 70.491 Thread 0x000001d3fc0c2ee0 Exception <a 'sun/nio/fs/WindowsException'{0x00000000c554c2a8}> (0x00000000c554c2a8) 
thrown [s\open\src\hotspot\share\prims\jni.cpp, line 516]

VM Operations (20 events):
Event: 65.063 Executing VM operation: G1CollectForAllocation
Event: 65.071 Executing VM operation: G1CollectForAllocation done
Event: 66.213 Executing VM operation: HandshakeAllThreads
Event: 66.213 Executing VM operation: HandshakeAllThreads done
Event: 68.231 Executing VM operation: Cleanup
Event: 68.467 Executing VM operation: Cleanup done
Event: 69.506 Executing VM operation: HandshakeAllThreads
Event: 69.506 Executing VM operation: HandshakeAllThreads done
Event: 70.456 Executing VM operation: HandshakeAllThreads
Event: 70.457 Executing VM operation: HandshakeAllThreads done
Event: 70.457 Executing VM operation: Cleanup
Event: 70.457 Executing VM operation: Cleanup done
Event: 70.457 Executing VM operation: HandshakeAllThreads
Event: 70.457 Executing VM operation: HandshakeAllThreads done
Event: 70.597 Executing VM operation: HandshakeAllThreads
Event: 70.597 Executing VM operation: HandshakeAllThreads done
Event: 70.598 Executing VM operation: HandshakeAllThreads
Event: 70.598 Executing VM operation: HandshakeAllThreads done
Event: 70.621 Executing VM operation: HandshakeAllThreads
Event: 70.621 Executing VM operation: HandshakeAllThreads done

Events (20 events):
Event: 1.700 Thread 0x000001d3fc0c2ee0 Thread added: 0x000001d3fc0c2ee0
Event: 1.753 Thread 0x000001d3fc162340 Thread added: 0x000001d3fc162340
Event: 1.754 Thread 0x000001d3fc1630e0 Thread added: 0x000001d3fc1630e0
Event: 1.793 Thread 0x000001d3fc1773b0 Thread added: 0x000001d3fc1773b0
Event: 1.793 Thread 0x000001d3fc177870 Thread added: 0x000001d3fc177870
Event: 1.794 Thread 0x000001d3fc177d30 Thread added: 0x000001d3fc177d30
Event: 1.794 Thread 0x000001d3fc1781f0 Thread added: 0x000001d3fc1781f0
Event: 1.795 Thread 0x000001d3feaedf60 Thread added: 0x000001d3feaedf60
Event: 1.802 Thread 0x000001d3feb50aa0 Thread added: 0x000001d3feb50aa0
Event: 1.806 Thread 0x000001d3feb6b720 Thread added: 0x000001d3feb6b720
Event: 36.329 Thread 0x000001d39cc773e0 Thread added: 0x000001d39cc773e0
Event: 36.331 Thread 0x000001d39cc77e90 Thread added: 0x000001d39cc77e90
Event: 36.332 Thread 0x000001d39cc7b690 Thread added: 0x000001d39cc7b690
Event: 53.942 Thread 0x000001d39cc81300 Thread added: 0x000001d39cc81300
Event: 53.964 Thread 0x000001d39cc817c0 Thread added: 0x000001d39cc817c0
Event: 53.979 Loaded shared library C:\Program Files\Java\jdk-18.0.2.1\bin\net.dll
Event: 54.012 Loaded shared library C:\Program Files\Java\jdk-18.0.2.1\bin\nio.dll
Event: 54.025 Loaded shared library C:\Program Files\Java\jdk-18.0.2.1\bin\zip.dll
Event: 57.990 Loaded shared library C:\Program Files\Java\jdk-18.0.2.1\bin\jimage.dll
Event: 63.614 Loaded shared library C:\Program Files\Java\jdk-18.0.2.1\bin\verify.dll


Dynamic libraries:
0x00007ff6d2770000 - 0x00007ff6d2780000 	C:\Program Files\Java\jdk-18.0.2.1\bin\javaw.exe
0x00007ffa5f130000 - 0x00007ffa5f328000 	C:\Windows\SYSTEM32\ntdll.dll
0x00007ffa5eaa0000 - 0x00007ffa5eb5f000 	C:\Windows\System32\KERNEL32.DLL
0x00007ffa5cc80000 - 0x00007ffa5cf52000 	C:\Windows\System32\KERNELBASE.dll
0x00007ffa5d080000 - 0x00007ffa5d180000 	C:\Windows\System32\ucrtbase.dll
0x00007ffa58210000 - 0x00007ffa58228000 	C:\Program Files\Java\jdk-18.0.2.1\bin\jli.dll
0x00007ffa5d8a0000 - 0x00007ffa5d94e000 	C:\Windows\System32\ADVAPI32.dll
0x00007ffa5ebe0000 - 0x00007ffa5ec7e000 	C:\Windows\System32\msvcrt.dll
0x00007ffa5d590000 - 0x00007ffa5d62c000 	C:\Windows\System32\sechost.dll
0x00007ffa5e400000 - 0x00007ffa5e525000 	C:\Windows\System32\RPCRT4.dll
0x00007ffa5d2c0000 - 0x00007ffa5d45d000 	C:\Windows\System32\USER32.dll
0x00007ffa5d050000 - 0x00007ffa5d072000 	C:\Windows\System32\win32u.dll
0x00007ffa5e660000 - 0x00007ffa5e68b000 	C:\Windows\System32\GDI32.dll
0x00007ffa5ca20000 - 0x00007ffa5cb2f000 	C:\Windows\System32\gdi32full.dll
0x00007ffa5cfb0000 - 0x00007ffa5d04d000 	C:\Windows\System32\msvcp_win.dll
0x00007ffa4fa70000 - 0x00007ffa4fd0a000 	C:\Windows\WinSxS\amd64_microsoft.windows.common-controls_6595b64144ccf1df_6.0.19041.1110_none_60b5254171f9507e\COMCTL32.dll
0x00007ffa4c290000 - 0x00007ffa4c29a000 	C:\Windows\SYSTEM32\VERSION.dll
0x00007ffa594c0000 - 0x00007ffa594da000 	C:\Program Files\Java\jdk-18.0.2.1\bin\VCRUNTIME140.dll
0x00007ffa5d7f0000 - 0x00007ffa5d822000 	C:\Windows\System32\IMM32.DLL
0x00007ffa58200000 - 0x00007ffa5820c000 	C:\Program Files\Java\jdk-18.0.2.1\bin\vcruntime140_1.dll
0x00007ffa529b0000 - 0x00007ffa52a3d000 	C:\Program Files\Java\jdk-18.0.2.1\bin\msvcp140.dll
0x00007ffa239c0000 - 0x00007ffa245d1000 	C:\Program Files\Java\jdk-18.0.2.1\bin\server\jvm.dll
0x00007ffa5d7e0000 - 0x00007ffa5d7e8000 	C:\Windows\System32\PSAPI.DLL
0x00007ffa59fe0000 - 0x00007ffa5a007000 	C:\Windows\SYSTEM32\WINMM.dll
0x00007ffa558d0000 - 0x00007ffa558d9000 	C:\Windows\SYSTEM32\WSOCK32.dll
0x00007ffa5d830000 - 0x00007ffa5d89b000 	C:\Windows\System32\WS2_32.dll
0x00007ffa5a6f0000 - 0x00007ffa5a702000 	C:\Windows\SYSTEM32\kernel.appcore.dll
0x00007ffa54c80000 - 0x00007ffa54c8a000 	C:\Program Files\Java\jdk-18.0.2.1\bin\jimage.dll
0x00007ffa4c680000 - 0x00007ffa4c864000 	C:\Windows\SYSTEM32\DBGHELP.DLL
0x00007ffa4c650000 - 0x00007ffa4c67c000 	C:\Windows\SYSTEM32\dbgcore.DLL
0x00007ffa5c990000 - 0x00007ffa5ca12000 	C:\Windows\System32\bcryptPrimitives.dll
0x00007ffa4feb0000 - 0x00007ffa4feeb000 	C:\Program Files\Java\jdk-18.0.2.1\bin\jdwp.dll
0x00007ffa52980000 - 0x00007ffa529a5000 	C:\Program Files\Java\jdk-18.0.2.1\bin\java.dll
0x00007ffa51270000 - 0x00007ffa51346000 	C:\Program Files\Java\jdk-18.0.2.1\bin\jsvml.dll
0x00007ffa5db90000 - 0x00007ffa5e2d3000 	C:\Windows\System32\SHELL32.dll
0x00007ffa5a8f0000 - 0x00007ffa5b082000 	C:\Windows\SYSTEM32\windows.storage.dll
0x00007ffa5e740000 - 0x00007ffa5ea94000 	C:\Windows\System32\combase.dll
0x00007ffa5c290000 - 0x00007ffa5c2c0000 	C:\Windows\SYSTEM32\Wldp.dll
0x00007ffa5e690000 - 0x00007ffa5e73d000 	C:\Windows\System32\SHCORE.dll
0x00007ffa5d780000 - 0x00007ffa5d7d5000 	C:\Windows\System32\shlwapi.dll
0x00007ffa5c770000 - 0x00007ffa5c78f000 	C:\Windows\SYSTEM32\profapi.dll
0x00007ffa58270000 - 0x00007ffa5827c000 	C:\Program Files\Java\jdk-18.0.2.1\bin\dt_socket.dll
0x00007ffa5bc90000 - 0x00007ffa5bccb000 	C:\Windows\SYSTEM32\IPHLPAPI.DLL
0x00007ffa5bff0000 - 0x00007ffa5c05a000 	C:\Windows\system32\mswsock.dll
0x00007ffa5bce0000 - 0x00007ffa5bdaa000 	C:\Windows\SYSTEM32\DNSAPI.dll
0x00007ffa5e530000 - 0x00007ffa5e538000 	C:\Windows\System32\NSI.dll
0x00007ffa54f00000 - 0x00007ffa54f0a000 	C:\Windows\System32\rasadhlp.dll
0x00007ffa4dfb0000 - 0x00007ffa4e030000 	C:\Windows\System32\fwpuclnt.dll
0x00007ffa5cba0000 - 0x00007ffa5cbc7000 	C:\Windows\System32\bcrypt.dll
0x00007ffa54230000 - 0x00007ffa54243000 	C:\Program Files\Java\jdk-18.0.2.1\bin\net.dll
0x00007ffa50da0000 - 0x00007ffa50eac000 	C:\Windows\SYSTEM32\WINHTTP.dll
0x00007ffa52960000 - 0x00007ffa52976000 	C:\Program Files\Java\jdk-18.0.2.1\bin\nio.dll
0x00007ffa52940000 - 0x00007ffa52958000 	C:\Program Files\Java\jdk-18.0.2.1\bin\zip.dll
0x00007ffa54c70000 - 0x00007ffa54c80000 	C:\Program Files\Java\jdk-18.0.2.1\bin\verify.dll
0x00007ffa5c1e0000 - 0x00007ffa5c1f8000 	C:\Windows\SYSTEM32\CRYPTSP.dll
0x00007ffa5b8a0000 - 0x00007ffa5b8d4000 	C:\Windows\system32\rsaenh.dll
0x00007ffa5c730000 - 0x00007ffa5c75e000 	C:\Windows\SYSTEM32\USERENV.dll
0x00007ffa5c200000 - 0x00007ffa5c20c000 	C:\Windows\SYSTEM32\CRYPTBASE.dll
0x00007ffa51ad0000 - 0x00007ffa51ae7000 	C:\Windows\SYSTEM32\dhcpcsvc6.DLL
0x00007ffa51bc0000 - 0x00007ffa51bdd000 	C:\Windows\SYSTEM32\dhcpcsvc.DLL

dbghelp: loaded successfully - version: 4.0.5 - missing functions: none
symbol engine: initialized successfully - sym options: 0x614 - pdb path: .;C:\Program Files\Java\jdk-18.0.2.1\bin;C:\Windows\SYSTEM32;C:\Windows\WinSxS\amd64_microsoft.windows.common-controls_6595b64144ccf1df_6.0.19041.1110_none_60b5254171f9507e;C:\Program Files\Java\jdk-18.0.2.1\bin\server

VM Arguments:
jvm_args: -XX:+ShowCodeDetailsInExceptionMessages -agentlib:jdwp=transport=dt_socket,suspend=y,address=localhost:63366 -Dfile.encoding=UTF-8 
java_command: cucumber.api.cli.Main D:/Automationlearning/AutomationFramework/src/test/java/features/loginWithWrapper.feature --glue classpath: --plugin pretty --monochrome
java_class_path (initial): D:\Automationlearning\AutomationFramework\target\classes;D:\Automationlearning\AutomationFramework\target\test-classes;C:\Users\deepa\.m2\repository\org\seleniumhq\selenium\selenium-java\4.2.2\selenium-java-4.2.2.jar;C:\Users\deepa\.m2\repository\org\seleniumhq\selenium\selenium-api\4.2.2\selenium-api-4.2.2.jar;C:\Users\deepa\.m2\repository\org\seleniumhq\selenium\selenium-chrome-driver\4.2.2\selenium-chrome-driver-4.2.2.jar;C:\Users\deepa\.m2\repository\com\google\auto\service\auto-service-annotations\1.0.1\auto-service-annotations-1.0.1.jar;C:\Users\deepa\.m2\repository\com\google\auto\service\auto-service\1.0.1\auto-service-1.0.1.jar;C:\Users\deepa\.m2\repository\com\google\auto\auto-common\1.2\auto-common-1.2.jar;C:\Users\deepa\.m2\repository\com\google\guava\guava\31.1-jre\guava-31.1-jre.jar;C:\Users\deepa\.m2\repository\com\google\guava\failureaccess\1.0.1\failureaccess-1.0.1.jar;C:\Users\deepa\.m2\repository\com\google\guava\listenablefuture\9999.0-empty-to-avoid-conflict-with-guava\listenablefuture-9999.0-empty-to-avoid-conflict-with-guava.jar;C:\Users\deepa\.m2\repository\org\checkerframework\checker-qual\3.12.0\checker-qual-3.12.0.jar;C:\Users\deepa\.m2\repository\com\google\errorprone\error_prone_annotations\2.11.0\error_prone_annotations-2.11.0.jar;C:\Users\deepa\.m2\repository\com\google\j2objc\j2objc-annotations\1.3\j2objc-annotations-1.3.jar;C:\Users\deepa\.m2\repository\org\seleniumhq\selenium\selenium-chromium-driver\4.2.2\selenium-chromium-driver-4.2.2.jar;C:\Users\deepa\.m2\repository\org\seleniumhq\selenium\selenium-json\4.2.2\selenium-json-4.2.2.jar;C:\Users\deepa\.m2\repository\org\seleniumhq\selenium\selenium-devtools-v100\4.2.2\selenium-devtools-v100-4.2.2.jar;C:\Users\deepa\.m2\repository\org\seleniumhq\selenium\selenium-devtools-v101\4.2.2\selenium-devtools-v101-4.2.2.jar;C:\Users\deepa\.m2\repository\org\seleniumhq\selenium\selenium-devtools-v102\4.2.2\selenium-devtools-v102-4.2.2.jar;C:\Users\deepa\.m2\repository\org\seleniumhq\selenium\selenium-devtools-v85\4.2.2\selenium-devtools-v85-4.2.2.jar;C:\Users\deepa\.m2\repository\org\seleniumhq\selenium\selenium-edge-driver\4.2.2\selenium-edge-driver-4.2.2.jar;C:\Users\deepa\.m2\repository\org\seleniumhq\selenium\selenium-firefox-driver\4.2.2\selenium-firefox-driver-4.2.2.jar;C:\Users\deepa\.m2\repository\org\seleniumhq\selenium\selenium-ie-driver\4.2.2\selenium-ie-driver-4.2.2.jar;C:\Users\deepa\.m2\repository\org\seleniumhq\selenium\selenium-opera-driver\4.2.2\selenium-opera-driver-4.2.2.jar;C:\Users\deepa\.m2\repository\org\seleniumhq\selenium\selenium-remote-driver\4.2.2\selenium-remote-driver-4.2.2.jar;C:\Users\deepa\.m2\repository\io\netty\netty-buffer\4.1.77.Final\netty-buffer-4.1.77.Final.jar;C:\Users\deepa\.m2\repository\io\netty\netty-codec-http\4.1.77.Final\netty-codec-http-4.1.77.Final.jar;C:\Users\deepa\.m2\repository\io\netty\netty-codec\4.1.77.Final\netty-codec-4.1.77.Final.jar;C:\Users\deepa\.m2\repository\io\netty\netty-handler\4.1.77.Final\netty-handler-4.1.77.Final.jar;C:\Users\deepa\.m2\repository\io\netty\netty-common\4.1.77.Final\netty-common-4.1.77.Final.jar;C:\Users\deepa\.m2\repository\io\netty\netty-transport-classes-epoll\4.1.77.Final\netty-transport-classes-epoll-4.1.77.Final.jar;C:\Users\deepa\.m2\repository\io\netty\netty-transport-classes-kqueue\4.1.77.Final\netty-transport-classes-kqueue-4.1.77.Final.jar;C:\Users\deepa\.m2\repository\io\netty\netty-transport-native-epoll\4.1.77.Final\netty-transport-native-epoll-4.1.77.Final.jar;C:\Users\deepa\.m2\repository\io\netty\netty-transport-native-kqueue\4.1.77.Final\netty-transport-native-kqueue-4.1.77.Final.jar;C:\Users\deepa\.m2\repository\io\netty\netty-transport-native-unix-common\4.1.77.Final\netty-transport-native-unix-common-4.1.77.Final.jar;C:\Users\deepa\.m2\repository\io\netty\netty-transport\4.1.77.Final\netty-transport-4.1.77.Final.jar;C:\Users\deepa\.m2\repository\io\netty\netty-resolver\4.1.77.Final\netty-resolver-4.1.77.Final.jar;C:\Users\deepa\.m2\repository\io\opentelemetry\opentelemetry-api\1.14.0\opentelemetry-api-1.14.0.jar;C:\Users\deepa\.m2\repository\io\opentelemetry\opentelemetry-context\1.14.0\opentelemetry-context-1.14.0.jar;C:\Users\deepa\.m2\repository\io\opentelemetry\opentelemetry-exporter-logging\1.14.0\opentelemetry-exporter-logging-1.14.0.jar;C:\Users\deepa\.m2\repository\io\opentelemetry\opentelemetry-sdk-metrics\1.14.0\opentelemetry-sdk-metrics-1.14.0.jar;C:\Users\deepa\.m2\repository\io\opentelemetry\opentelemetry-sdk-logs\1.14.0-alpha\opentelemetry-sdk-logs-1.14.0-alpha.jar;C:\Users\deepa\.m2\repository\io\opentelemetry\opentelemetry-sdk-common\1.14.0\opentelemetry-sdk-common-1.14.0.jar;C:\Users\deepa\.m2\repository\io\opentelemetry\opentelemetry-sdk-extension-autoconfigure-spi\1.14.0\opentelemetry-sdk-extension-autoconfigure-spi-1.14.0.jar;C:\Users\deepa\.m2\repository\io\opentelemetry\opentelemetry-sdk-extension-autoconfigure\1.14.0-alpha\opentelemetry-sdk-extension-autoconfigure-1.14.0-alpha.jar;C:\Users\deepa\.m2\repository\io\opentelemetry\opentelemetry-sdk-trace\1.14.0\opentelemetry-sdk-trace-1.14.0.jar;C:\Users\deepa\.m2\repository\io\opentelemetry\opentelemetry-sdk\1.14.0\opentelemetry-sdk-1.14.0.jar;C:\Users\deepa\.m2\repository\io\opentelemetry\opentelemetry-semconv\1.14.0-alpha\opentelemetry-semconv-1.14.0-alpha.jar;C:\Users\deepa\.m2\repository\io\ous\jtoml\2.0.0\jtoml-2.0.0.jar;C:\Users\deepa\.m2\repository\net\bytebuddy\byte-buddy\1.12.10\byte-buddy-1.12.10.jar;C:\Users\deepa\.m2\repository\org\apache\commons\commons-exec\1.3\commons-exec-1.3.jar;C:\Users\deepa\.m2\repository\org\asynchttpclient\async-http-client\2.12.3\async-http-client-2.12.3.jar;C:\Users\deepa\.m2\repository\org\asynchttpclient\async-http-client-netty-utils\2.12.3\async-http-client-netty-utils-2.12.3.jar;C:\Users\deepa\.m2\repository\io\netty\netty-codec-socks\4.1.60.Final\netty-codec-socks-4.1.60.Final.jar;C:\Users\deepa\.m2\repository\io\netty\netty-handler-proxy\4.1.60.Final\netty-handler-proxy-4.1.60.Final.jar;C:\Users\deepa\.m2\repository\io\netty\netty-transport-native-epoll\4.1.60.Final\netty-transport-native-epoll-4.1.60.Final-linux-x86_64.jar;C:\Users\deepa\.m2\repository\io\netty\netty-transport-native-kqueue\4.1.60.Final\netty-transport-native-kqueue-4.1.60.Final-osx-x86_64.jar;C:\Users\deepa\.m2\repository\com\typesafe\netty\netty-reactive-streams\2.0.4\netty-reactive-streams-2.0.4.jar;C:\Users\deepa\.m2\repository\com\sun\activation\jakarta.activation\1.2.2\jakarta.activation-1.2.2.jar;C:\Users\deepa\.m2\repository\org\seleniumhq\selenium\selenium-http\4.2.2\selenium-http-4.2.2.jar;C:\Users\deepa\.m2\repository\dev\failsafe\failsafe\3.2.4\failsafe-3.2.4.jar;C:\Users\deepa\.m2\repository\org\seleniumhq\selenium\selenium-safari-driver\4.2.2\selenium-safari-driver-4.2.2.jar;C:\Users\deepa\.m2\repository\org\seleniumhq\selenium\selenium-support\4.2.2\selenium-support-4.2.2.jar;C:\Users\deepa\.m2\repository\org\testng\testng\7.5\testng-7.5.jar;C:\Users\deepa\.m2\repository\com\google\code\findbugs\jsr305\3.0.1\jsr305-3.0.1.jar;C:\Users\deepa\.m2\repository\org\slf4j\slf4j-api\1.7.32\slf4j-api-1.7.32.jar;C:\Users\deepa\.m2\repository\com\beust\jcommander\1.78\jcommander-1.78.jar;C:\Users\deepa\.m2\repository\org\webjars\jquery\3.5.1\jquery-3.5.1.jar;C:\Users\deepa\.m2\repository\io\github\bonigarcia\webdrivermanager\5.2.2\webdrivermanager-5.2.2.jar;C:\Users\deepa\.m2\repository\com\google\code\gson\gson\2.9.0\gson-2.9.0.jar;C:\Users\deepa\.m2\repository\com\github\docker-java\docker-java\3.2.13\docker-java-3.2.13.jar;C:\Users\deepa\.m2\repository\com\github\docker-java\docker-java-core\3.2.13\docker-java-core-3.2.13.jar;C:\Users\deepa\.m2\repository\com\github\docker-java\docker-java-api\3.2.13\docker-java-api-3.2.13.jar;C:\Users\deepa\.m2\repository\com\fasterxml\jackson\core\jackson-annotations\2.10.3\jackson-annotations-2.10.3.jar;C:\Users\deepa\.m2\repository\commons-io\commons-io\2.6\commons-io-2.6.jar;C:\Users\deepa\.m2\repository\com\fasterxml\jackson\core\jackson-databind\2.10.3\jackson-databind-2.10.3.jar;C:\Users\deepa\.m2\repository\com\fasterxml\jackson\core\jackson-core\2.10.3\jackson-core-2.10.3.jar;C:\Users\deepa\.m2\repository\org\bouncycastle\bcpkix-jdk15on\1.64\bcpkix-jdk15on-1.64.jar;C:\Users\deepa\.m2\repository\org\bouncycastle\bcprov-jdk15on\1.64\bcprov-jdk15on-1.64.jar;C:\Users\deepa\.m2\repository\org\slf4j\jcl-over-slf4j\1.7.30\jcl-over-slf4j-1.7.30.jar;C:\Users\deepa\.m2\repository\com\github\docker-java\docker-java-transport-httpclient5\3.2.13\docker-java-transport-httpclient5-3.2.13.jar;C:\Users\deepa\.m2\repository\com\github\docker-java\docker-java-transport\3.2.13\docker-java-transport-3.2.13.jar;C:\Users\deepa\.m2\repository\net\java\dev\jna\jna\5.8.0\jna-5.8.0.jar;C:\Users\deepa\.m2\repository\org\brotli\dec\0.1.2\dec-0.1.2.jar;C:\Users\deepa\.m2\repository\org\apache\commons\commons-lang3\3.12.0\commons-lang3-3.12.0.jar;C:\Users\deepa\.m2\repository\org\apache\httpcomponents\client5\httpclient5\5.1.3\httpclient5-5.1.3.jar;C:\Users\deepa\.m2\repository\org\apache\httpcomponents\core5\httpcore5\5.1.3\httpcore5-5.1.3.jar;C:\Users\deepa\.m2\repository\org\apache\httpcomponents\core5\httpcore5-h2\5.1.3\httpcore5-h2-5.1.3.jar;C:\Users\deepa\.m2\repository\org\apache\poi\poi\4.1.1\poi-4.1.1.jar;C:\Users\deepa\.m2\repository\commons-codec\commons-codec\1.13\commons-codec-1.13.jar;C:\Users\deepa\.m2\repository\org\apache\commons\commons-collections4\4.4\commons-collections4-4.4.jar;C:\Users\deepa\.m2\repository\org\apache\commons\commons-math3\3.6.1\commons-math3-3.6.1.jar;C:\Users\deepa\.m2\repository\org\apache\poi\poi-ooxml-schemas\4.1.1\poi-ooxml-schemas-4.1.1.jar;C:\Users\deepa\.m2\repository\org\apache\xmlbeans\xmlbeans\3.1.0\xmlbeans-3.1.0.jar;C:\Users\deepa\.m2\repository\org\apache\poi\poi-ooxml\4.1.1\poi-ooxml-4.1.1.jar;C:\Users\deepa\.m2\repository\org\apache\commons\commons-compress\1.19\commons-compress-1.19.jar;C:\Users\deepa\.m2\repository\com\github\virtuald\curvesapi\1.06\curvesapi-1.06.jar;C:\Users\deepa\.m2\repository\com\aventstack\extentreports\5.0.5\extentreports-5.0.5.jar;C:\Users\deepa\.m2\repository\io\reactivex\rxjava3\rxjava\3.0.4\rxjava-3.0.4.jar;C:\Users\deepa\.m2\repository\org\reactivestreams\reactive-streams\1.0.3\reactive-streams-1.0.3.jar;C:\Users\deepa\.m2\repository\org\freemarker\freemarker\2.3.30\freemarker-2.3.30.jar;C:\Users\deepa\.m2\repository\org\projectlombok\lombok\1.18.12\lombok-1.18.12.jar;C:\Users\deepa\.m2\repository\io\cucumber\cucumber-testng\6.10.2\cucumber-testng-6.10.2.jar;C:\Users\deepa\.m2\repository\org\apiguardian\apiguardian-api\1.1.1\apiguardian-api-1.1.1.jar;C:\Users\deepa\.m2\repository\io\cucumber\cucumber-core\6.10.2\cucumber-core-6.10.2.jar;C:\Users\deepa\.m2\repository\io\cucumber\cucumber-gherkin\6.10.2\cucumber-gherkin-6.10.2.jar;C:\Users\deepa\.m2\repository\io\cucumber\cucumber-gherkin-messages\6.10.2\cucumber-gherkin-messages-6.10.2.jar;C:\Users\deepa\.m2\repository\io\cucumber\messages\14.0.1\messages-14.0.1.jar;C:\Users\deepa\.m2\repository\io\cucumber\tag-expressions\3.0.0\tag-expressions-3.0.0.jar;C:\Users\deepa\.m2\repository\io\cucumber\cucumber-expressions\10.3.0\cucumber-expressions-10.3.0.jar;C:\Users\deepa\.m2\repository\io\cucumber\datatable\3.5.0\datatable-3.5.0.jar;C:\Users\deepa\.m2\repository\io\cucumber\cucumber-plugin\6.10.2\cucumber-plugin-6.10.2.jar;C:\Users\deepa\.m2\repository\io\cucumber\docstring\6.10.2\docstring-6.10.2.jar;C:\Users\deepa\.m2\repository\io\cucumber\html-formatter\12.0.0\html-formatter-12.0.0.jar;C:\Users\deepa\.m2\repository\io\cucumber\create-meta\3.0.0\create-meta-3.0.0.jar;C:\Users\deepa\.m2\repository\io\cucumber\cucumber-java\6.10.2\cucumber-java-6.10.2.jar;C:\Users\deepa\.m2\repository\io\cucumber\cucumber-picocontainer\6.10.2\cucumber-picocontainer-6.10.2.jar;C:\Users\deepa\.m2\repository\org\picocontainer\picocontainer\2.15\picocontainer-2.15.jar
Launcher Type: SUN_STANDARD

[Global flags]
     intx CICompilerCount                          = 3                                         {product} {ergonomic}
     uint ConcGCThreads                            = 1                                         {product} {ergonomic}
     uint G1ConcRefinementThreads                  = 4                                         {product} {ergonomic}
   size_t G1HeapRegionSize                         = 1048576                                   {product} {ergonomic}
    uintx GCDrainStackTargetSize                   = 64                                        {product} {ergonomic}
   size_t InitialHeapSize                          = 67108864                                  {product} {ergonomic}
   size_t MarkStackSize                            = 4194304                                   {product} {ergonomic}
   size_t MaxHeapSize                              = 1044381696                                {product} {ergonomic}
   size_t MaxNewSize                               = 625999872                                 {product} {ergonomic}
   size_t MinHeapDeltaBytes                        = 1048576                                   {product} {ergonomic}
   size_t MinHeapSize                              = 8388608                                   {product} {ergonomic}
    uintx NonNMethodCodeHeapSize                   = 5832780                                {pd product} {ergonomic}
    uintx NonProfiledCodeHeapSize                  = 122912730                              {pd product} {ergonomic}
    uintx ProfiledCodeHeapSize                     = 122912730                              {pd product} {ergonomic}
    uintx ReservedCodeCacheSize                    = 251658240                              {pd product} {ergonomic}
     bool SegmentedCodeCache                       = true                                      {product} {ergonomic}
     bool ShowCodeDetailsInExceptionMessages       = true                                   {manageable} {command line}
   size_t SoftMaxHeapSize                          = 1044381696                             {manageable} {ergonomic}
     bool UseCompressedClassPointers               = true                           {product lp64_product} {ergonomic}
     bool UseCompressedOops                        = true                           {product lp64_product} {ergonomic}
     bool UseG1GC                                  = true                                      {product} {ergonomic}
     bool UseLargePagesIndividualAllocation        = false                                  {pd product} {ergonomic}

Logging:
Log output configuration:
 #0: stdout all=warning uptime,level,tags foldmultilines=false
 #1: stderr all=off uptime,level,tags foldmultilines=false

Environment Variables:
PATH=C:\Program Files\Common Files\Oracle\Java\javapath;C:\Windows\system32;C:\Windows;C:\Windows\System32\Wbem;C:\Windows\System32\WindowsPowerShell\v1.0\;C:\Windows\System32\OpenSSH\;C:\opt\apache-maven-3.8.6\bin;C:\Users\deepa\AppData\Local\Microsoft\WindowsApps;
USERNAME=deepa
OS=Windows_NT
PROCESSOR_IDENTIFIER=Intel64 Family 6 Model 55 Stepping 8, GenuineIntel



---------------  S Y S T E M  ---------------

OS:
 Windows 10 , 64 bit Build 19041 (10.0.19041.2251)
OS uptime: 1 days 13:30 hours

CPU: total 4 (initial active 4) (4 cores per cpu, 1 threads per core) family 6 model 55 stepping 8 microcode 0x838, cx8, cmov, fxsr, mmx, 3dnowpref, sse, sse2, sse3, ssse3, sse4.1, sse4.2, popcnt, tsc, tscinvbit, erms, clmul, clflush

Memory: 4k page, system-wide physical 3982M (207M free)
TotalPageFile size 16270M (AvailPageFile size 5M)
current process WorkingSet (physical memory assigned to process): 77M, peak: 77M
current process commit charge ("private bytes"): 154M, peak: 155M

vm_info: Java HotSpot(TM) 64-Bit Server VM (18.0.2.1+1-1) for windows-amd64 JRE (18.0.2.1+1-1), built on Aug 16 2022 01:46:33 by "mach5one" with MS VC++ 16.8 / 16.9 (VS2019)

END.
